   1              		.cpu cortex-m3
   2              		.arch armv7-m
   3              		.fpu softvfp
   4              		.eabi_attribute 20, 1
   5              		.eabi_attribute 21, 1
   6              		.eabi_attribute 23, 3
   7              		.eabi_attribute 24, 1
   8              		.eabi_attribute 25, 1
   9              		.eabi_attribute 26, 1
  10              		.eabi_attribute 30, 1
  11              		.eabi_attribute 34, 1
  12              		.eabi_attribute 18, 4
  13              		.file	"sysmem.c"
  14              		.text
  15              	.Ltext0:
  16              		.cfi_sections	.debug_frame
  17              		.file 1 "C:/Users/nace/OneDrive/Desktop/STM32/Projects_nace/NUCLEO_LL_Project_LCD/STM32_NUCLEO_LL_
  18              		.section	.text._sbrk,"ax",%progbits
  19              		.align	1
  20              		.global	_sbrk
  21              		.syntax unified
  22              		.thumb
  23              		.thumb_func
  25              	_sbrk:
  26              	.LVL0:
  27              	.LFB0:
   1:C:/Users/nace/OneDrive/Desktop/STM32/Projects_nace/NUCLEO_LL_Project_LCD/STM32_NUCLEO_LL_Project_LCD_22_02_2025/Core/Src\sysmem.c **** /**
   2:C:/Users/nace/OneDrive/Desktop/STM32/Projects_nace/NUCLEO_LL_Project_LCD/STM32_NUCLEO_LL_Project_LCD_22_02_2025/Core/Src\sysmem.c ****  ******************************************************************************
   3:C:/Users/nace/OneDrive/Desktop/STM32/Projects_nace/NUCLEO_LL_Project_LCD/STM32_NUCLEO_LL_Project_LCD_22_02_2025/Core/Src\sysmem.c ****  * @file      sysmem.c
   4:C:/Users/nace/OneDrive/Desktop/STM32/Projects_nace/NUCLEO_LL_Project_LCD/STM32_NUCLEO_LL_Project_LCD_22_02_2025/Core/Src\sysmem.c ****  * @author    Generated by STM32CubeIDE
   5:C:/Users/nace/OneDrive/Desktop/STM32/Projects_nace/NUCLEO_LL_Project_LCD/STM32_NUCLEO_LL_Project_LCD_22_02_2025/Core/Src\sysmem.c ****  * @brief     STM32CubeIDE System Memory calls file
   6:C:/Users/nace/OneDrive/Desktop/STM32/Projects_nace/NUCLEO_LL_Project_LCD/STM32_NUCLEO_LL_Project_LCD_22_02_2025/Core/Src\sysmem.c ****  *
   7:C:/Users/nace/OneDrive/Desktop/STM32/Projects_nace/NUCLEO_LL_Project_LCD/STM32_NUCLEO_LL_Project_LCD_22_02_2025/Core/Src\sysmem.c ****  *            For more information about which C functions
   8:C:/Users/nace/OneDrive/Desktop/STM32/Projects_nace/NUCLEO_LL_Project_LCD/STM32_NUCLEO_LL_Project_LCD_22_02_2025/Core/Src\sysmem.c ****  *            need which of these lowlevel functions
   9:C:/Users/nace/OneDrive/Desktop/STM32/Projects_nace/NUCLEO_LL_Project_LCD/STM32_NUCLEO_LL_Project_LCD_22_02_2025/Core/Src\sysmem.c ****  *            please consult the newlib libc manual
  10:C:/Users/nace/OneDrive/Desktop/STM32/Projects_nace/NUCLEO_LL_Project_LCD/STM32_NUCLEO_LL_Project_LCD_22_02_2025/Core/Src\sysmem.c ****  ******************************************************************************
  11:C:/Users/nace/OneDrive/Desktop/STM32/Projects_nace/NUCLEO_LL_Project_LCD/STM32_NUCLEO_LL_Project_LCD_22_02_2025/Core/Src\sysmem.c ****  * @attention
  12:C:/Users/nace/OneDrive/Desktop/STM32/Projects_nace/NUCLEO_LL_Project_LCD/STM32_NUCLEO_LL_Project_LCD_22_02_2025/Core/Src\sysmem.c ****  *
  13:C:/Users/nace/OneDrive/Desktop/STM32/Projects_nace/NUCLEO_LL_Project_LCD/STM32_NUCLEO_LL_Project_LCD_22_02_2025/Core/Src\sysmem.c ****  * Copyright (c) 2024 STMicroelectronics.
  14:C:/Users/nace/OneDrive/Desktop/STM32/Projects_nace/NUCLEO_LL_Project_LCD/STM32_NUCLEO_LL_Project_LCD_22_02_2025/Core/Src\sysmem.c ****  * All rights reserved.
  15:C:/Users/nace/OneDrive/Desktop/STM32/Projects_nace/NUCLEO_LL_Project_LCD/STM32_NUCLEO_LL_Project_LCD_22_02_2025/Core/Src\sysmem.c ****  *
  16:C:/Users/nace/OneDrive/Desktop/STM32/Projects_nace/NUCLEO_LL_Project_LCD/STM32_NUCLEO_LL_Project_LCD_22_02_2025/Core/Src\sysmem.c ****  * This software is licensed under terms that can be found in the LICENSE file
  17:C:/Users/nace/OneDrive/Desktop/STM32/Projects_nace/NUCLEO_LL_Project_LCD/STM32_NUCLEO_LL_Project_LCD_22_02_2025/Core/Src\sysmem.c ****  * in the root directory of this software component.
  18:C:/Users/nace/OneDrive/Desktop/STM32/Projects_nace/NUCLEO_LL_Project_LCD/STM32_NUCLEO_LL_Project_LCD_22_02_2025/Core/Src\sysmem.c ****  * If no LICENSE file comes with this software, it is provided AS-IS.
  19:C:/Users/nace/OneDrive/Desktop/STM32/Projects_nace/NUCLEO_LL_Project_LCD/STM32_NUCLEO_LL_Project_LCD_22_02_2025/Core/Src\sysmem.c ****  *
  20:C:/Users/nace/OneDrive/Desktop/STM32/Projects_nace/NUCLEO_LL_Project_LCD/STM32_NUCLEO_LL_Project_LCD_22_02_2025/Core/Src\sysmem.c ****  ******************************************************************************
  21:C:/Users/nace/OneDrive/Desktop/STM32/Projects_nace/NUCLEO_LL_Project_LCD/STM32_NUCLEO_LL_Project_LCD_22_02_2025/Core/Src\sysmem.c ****  */
  22:C:/Users/nace/OneDrive/Desktop/STM32/Projects_nace/NUCLEO_LL_Project_LCD/STM32_NUCLEO_LL_Project_LCD_22_02_2025/Core/Src\sysmem.c **** 
  23:C:/Users/nace/OneDrive/Desktop/STM32/Projects_nace/NUCLEO_LL_Project_LCD/STM32_NUCLEO_LL_Project_LCD_22_02_2025/Core/Src\sysmem.c **** /* Includes */
  24:C:/Users/nace/OneDrive/Desktop/STM32/Projects_nace/NUCLEO_LL_Project_LCD/STM32_NUCLEO_LL_Project_LCD_22_02_2025/Core/Src\sysmem.c **** #include <errno.h>
  25:C:/Users/nace/OneDrive/Desktop/STM32/Projects_nace/NUCLEO_LL_Project_LCD/STM32_NUCLEO_LL_Project_LCD_22_02_2025/Core/Src\sysmem.c **** #include <stdint.h>
  26:C:/Users/nace/OneDrive/Desktop/STM32/Projects_nace/NUCLEO_LL_Project_LCD/STM32_NUCLEO_LL_Project_LCD_22_02_2025/Core/Src\sysmem.c **** 
  27:C:/Users/nace/OneDrive/Desktop/STM32/Projects_nace/NUCLEO_LL_Project_LCD/STM32_NUCLEO_LL_Project_LCD_22_02_2025/Core/Src\sysmem.c **** /**
  28:C:/Users/nace/OneDrive/Desktop/STM32/Projects_nace/NUCLEO_LL_Project_LCD/STM32_NUCLEO_LL_Project_LCD_22_02_2025/Core/Src\sysmem.c ****  * Pointer to the current high watermark of the heap usage
  29:C:/Users/nace/OneDrive/Desktop/STM32/Projects_nace/NUCLEO_LL_Project_LCD/STM32_NUCLEO_LL_Project_LCD_22_02_2025/Core/Src\sysmem.c ****  */
  30:C:/Users/nace/OneDrive/Desktop/STM32/Projects_nace/NUCLEO_LL_Project_LCD/STM32_NUCLEO_LL_Project_LCD_22_02_2025/Core/Src\sysmem.c **** static uint8_t *__sbrk_heap_end = NULL;
  31:C:/Users/nace/OneDrive/Desktop/STM32/Projects_nace/NUCLEO_LL_Project_LCD/STM32_NUCLEO_LL_Project_LCD_22_02_2025/Core/Src\sysmem.c **** 
  32:C:/Users/nace/OneDrive/Desktop/STM32/Projects_nace/NUCLEO_LL_Project_LCD/STM32_NUCLEO_LL_Project_LCD_22_02_2025/Core/Src\sysmem.c **** /**
  33:C:/Users/nace/OneDrive/Desktop/STM32/Projects_nace/NUCLEO_LL_Project_LCD/STM32_NUCLEO_LL_Project_LCD_22_02_2025/Core/Src\sysmem.c ****  * @brief _sbrk() allocates memory to the newlib heap and is used by malloc
  34:C:/Users/nace/OneDrive/Desktop/STM32/Projects_nace/NUCLEO_LL_Project_LCD/STM32_NUCLEO_LL_Project_LCD_22_02_2025/Core/Src\sysmem.c ****  *        and others from the C library
  35:C:/Users/nace/OneDrive/Desktop/STM32/Projects_nace/NUCLEO_LL_Project_LCD/STM32_NUCLEO_LL_Project_LCD_22_02_2025/Core/Src\sysmem.c ****  *
  36:C:/Users/nace/OneDrive/Desktop/STM32/Projects_nace/NUCLEO_LL_Project_LCD/STM32_NUCLEO_LL_Project_LCD_22_02_2025/Core/Src\sysmem.c ****  * @verbatim
  37:C:/Users/nace/OneDrive/Desktop/STM32/Projects_nace/NUCLEO_LL_Project_LCD/STM32_NUCLEO_LL_Project_LCD_22_02_2025/Core/Src\sysmem.c ****  * ############################################################################
  38:C:/Users/nace/OneDrive/Desktop/STM32/Projects_nace/NUCLEO_LL_Project_LCD/STM32_NUCLEO_LL_Project_LCD_22_02_2025/Core/Src\sysmem.c ****  * #  .data  #  .bss  #       newlib heap       #          MSP stack          #
  39:C:/Users/nace/OneDrive/Desktop/STM32/Projects_nace/NUCLEO_LL_Project_LCD/STM32_NUCLEO_LL_Project_LCD_22_02_2025/Core/Src\sysmem.c ****  * #         #        #                         # Reserved by _Min_Stack_Size #
  40:C:/Users/nace/OneDrive/Desktop/STM32/Projects_nace/NUCLEO_LL_Project_LCD/STM32_NUCLEO_LL_Project_LCD_22_02_2025/Core/Src\sysmem.c ****  * ############################################################################
  41:C:/Users/nace/OneDrive/Desktop/STM32/Projects_nace/NUCLEO_LL_Project_LCD/STM32_NUCLEO_LL_Project_LCD_22_02_2025/Core/Src\sysmem.c ****  * ^-- RAM start      ^-- _end                             _estack, RAM end --^
  42:C:/Users/nace/OneDrive/Desktop/STM32/Projects_nace/NUCLEO_LL_Project_LCD/STM32_NUCLEO_LL_Project_LCD_22_02_2025/Core/Src\sysmem.c ****  * @endverbatim
  43:C:/Users/nace/OneDrive/Desktop/STM32/Projects_nace/NUCLEO_LL_Project_LCD/STM32_NUCLEO_LL_Project_LCD_22_02_2025/Core/Src\sysmem.c ****  *
  44:C:/Users/nace/OneDrive/Desktop/STM32/Projects_nace/NUCLEO_LL_Project_LCD/STM32_NUCLEO_LL_Project_LCD_22_02_2025/Core/Src\sysmem.c ****  * This implementation starts allocating at the '_end' linker symbol
  45:C:/Users/nace/OneDrive/Desktop/STM32/Projects_nace/NUCLEO_LL_Project_LCD/STM32_NUCLEO_LL_Project_LCD_22_02_2025/Core/Src\sysmem.c ****  * The '_Min_Stack_Size' linker symbol reserves a memory for the MSP stack
  46:C:/Users/nace/OneDrive/Desktop/STM32/Projects_nace/NUCLEO_LL_Project_LCD/STM32_NUCLEO_LL_Project_LCD_22_02_2025/Core/Src\sysmem.c ****  * The implementation considers '_estack' linker symbol to be RAM end
  47:C:/Users/nace/OneDrive/Desktop/STM32/Projects_nace/NUCLEO_LL_Project_LCD/STM32_NUCLEO_LL_Project_LCD_22_02_2025/Core/Src\sysmem.c ****  * NOTE: If the MSP stack, at any point during execution, grows larger than the
  48:C:/Users/nace/OneDrive/Desktop/STM32/Projects_nace/NUCLEO_LL_Project_LCD/STM32_NUCLEO_LL_Project_LCD_22_02_2025/Core/Src\sysmem.c ****  * reserved size, please increase the '_Min_Stack_Size'.
  49:C:/Users/nace/OneDrive/Desktop/STM32/Projects_nace/NUCLEO_LL_Project_LCD/STM32_NUCLEO_LL_Project_LCD_22_02_2025/Core/Src\sysmem.c ****  *
  50:C:/Users/nace/OneDrive/Desktop/STM32/Projects_nace/NUCLEO_LL_Project_LCD/STM32_NUCLEO_LL_Project_LCD_22_02_2025/Core/Src\sysmem.c ****  * @param incr Memory size
  51:C:/Users/nace/OneDrive/Desktop/STM32/Projects_nace/NUCLEO_LL_Project_LCD/STM32_NUCLEO_LL_Project_LCD_22_02_2025/Core/Src\sysmem.c ****  * @return Pointer to allocated memory
  52:C:/Users/nace/OneDrive/Desktop/STM32/Projects_nace/NUCLEO_LL_Project_LCD/STM32_NUCLEO_LL_Project_LCD_22_02_2025/Core/Src\sysmem.c ****  */
  53:C:/Users/nace/OneDrive/Desktop/STM32/Projects_nace/NUCLEO_LL_Project_LCD/STM32_NUCLEO_LL_Project_LCD_22_02_2025/Core/Src\sysmem.c **** void *_sbrk(ptrdiff_t incr)
  54:C:/Users/nace/OneDrive/Desktop/STM32/Projects_nace/NUCLEO_LL_Project_LCD/STM32_NUCLEO_LL_Project_LCD_22_02_2025/Core/Src\sysmem.c **** {
  28              		.loc 1 54 1 view -0
  29              		.cfi_startproc
  30              		@ args = 0, pretend = 0, frame = 0
  31              		@ frame_needed = 0, uses_anonymous_args = 0
  32              		.loc 1 54 1 is_stmt 0 view .LVU1
  33 0000 10B5     		push	{r4, lr}
  34              		.cfi_def_cfa_offset 8
  35              		.cfi_offset 4, -8
  36              		.cfi_offset 14, -4
  37 0002 0346     		mov	r3, r0
  55:C:/Users/nace/OneDrive/Desktop/STM32/Projects_nace/NUCLEO_LL_Project_LCD/STM32_NUCLEO_LL_Project_LCD_22_02_2025/Core/Src\sysmem.c ****   extern uint8_t _end; /* Symbol defined in the linker script */
  38              		.loc 1 55 3 is_stmt 1 view .LVU2
  56:C:/Users/nace/OneDrive/Desktop/STM32/Projects_nace/NUCLEO_LL_Project_LCD/STM32_NUCLEO_LL_Project_LCD_22_02_2025/Core/Src\sysmem.c ****   extern uint8_t _estack; /* Symbol defined in the linker script */
  39              		.loc 1 56 3 view .LVU3
  57:C:/Users/nace/OneDrive/Desktop/STM32/Projects_nace/NUCLEO_LL_Project_LCD/STM32_NUCLEO_LL_Project_LCD_22_02_2025/Core/Src\sysmem.c ****   extern uint32_t _Min_Stack_Size; /* Symbol defined in the linker script */
  40              		.loc 1 57 3 view .LVU4
  58:C:/Users/nace/OneDrive/Desktop/STM32/Projects_nace/NUCLEO_LL_Project_LCD/STM32_NUCLEO_LL_Project_LCD_22_02_2025/Core/Src\sysmem.c ****   const uint32_t stack_limit = (uint32_t)&_estack - (uint32_t)&_Min_Stack_Size;
  41              		.loc 1 58 3 view .LVU5
  42              		.loc 1 58 18 is_stmt 0 view .LVU6
  43 0004 0C4A     		ldr	r2, .L8
  44 0006 0D49     		ldr	r1, .L8+4
  45              	.LVL1:
  59:C:/Users/nace/OneDrive/Desktop/STM32/Projects_nace/NUCLEO_LL_Project_LCD/STM32_NUCLEO_LL_Project_LCD_22_02_2025/Core/Src\sysmem.c ****   const uint8_t *max_heap = (uint8_t *)stack_limit;
  46              		.loc 1 59 3 is_stmt 1 view .LVU7
  60:C:/Users/nace/OneDrive/Desktop/STM32/Projects_nace/NUCLEO_LL_Project_LCD/STM32_NUCLEO_LL_Project_LCD_22_02_2025/Core/Src\sysmem.c ****   uint8_t *prev_heap_end;
  47              		.loc 1 60 3 view .LVU8
  61:C:/Users/nace/OneDrive/Desktop/STM32/Projects_nace/NUCLEO_LL_Project_LCD/STM32_NUCLEO_LL_Project_LCD_22_02_2025/Core/Src\sysmem.c **** 
  62:C:/Users/nace/OneDrive/Desktop/STM32/Projects_nace/NUCLEO_LL_Project_LCD/STM32_NUCLEO_LL_Project_LCD_22_02_2025/Core/Src\sysmem.c ****   /* Initialize heap end at first call */
  63:C:/Users/nace/OneDrive/Desktop/STM32/Projects_nace/NUCLEO_LL_Project_LCD/STM32_NUCLEO_LL_Project_LCD_22_02_2025/Core/Src\sysmem.c ****   if (NULL == __sbrk_heap_end)
  48              		.loc 1 63 3 view .LVU9
  49              		.loc 1 63 12 is_stmt 0 view .LVU10
  50 0008 0D48     		ldr	r0, .L8+8
  51              	.LVL2:
  52              		.loc 1 63 12 view .LVU11
  53 000a 0068     		ldr	r0, [r0]
  54              		.loc 1 63 6 view .LVU12
  55 000c 40B1     		cbz	r0, .L6
  56              	.L2:
  64:C:/Users/nace/OneDrive/Desktop/STM32/Projects_nace/NUCLEO_LL_Project_LCD/STM32_NUCLEO_LL_Project_LCD_22_02_2025/Core/Src\sysmem.c ****   {
  65:C:/Users/nace/OneDrive/Desktop/STM32/Projects_nace/NUCLEO_LL_Project_LCD/STM32_NUCLEO_LL_Project_LCD_22_02_2025/Core/Src\sysmem.c ****     __sbrk_heap_end = &_end;
  66:C:/Users/nace/OneDrive/Desktop/STM32/Projects_nace/NUCLEO_LL_Project_LCD/STM32_NUCLEO_LL_Project_LCD_22_02_2025/Core/Src\sysmem.c ****   }
  67:C:/Users/nace/OneDrive/Desktop/STM32/Projects_nace/NUCLEO_LL_Project_LCD/STM32_NUCLEO_LL_Project_LCD_22_02_2025/Core/Src\sysmem.c **** 
  68:C:/Users/nace/OneDrive/Desktop/STM32/Projects_nace/NUCLEO_LL_Project_LCD/STM32_NUCLEO_LL_Project_LCD_22_02_2025/Core/Src\sysmem.c ****   /* Protect heap from growing into the reserved MSP stack */
  69:C:/Users/nace/OneDrive/Desktop/STM32/Projects_nace/NUCLEO_LL_Project_LCD/STM32_NUCLEO_LL_Project_LCD_22_02_2025/Core/Src\sysmem.c ****   if (__sbrk_heap_end + incr > max_heap)
  57              		.loc 1 69 3 is_stmt 1 view .LVU13
  58              		.loc 1 69 23 is_stmt 0 view .LVU14
  59 000e 0C48     		ldr	r0, .L8+8
  60 0010 0068     		ldr	r0, [r0]
  61 0012 0344     		add	r3, r3, r0
  62              	.LVL3:
  63              		.loc 1 69 6 view .LVU15
  64 0014 521A     		subs	r2, r2, r1
  65 0016 9342     		cmp	r3, r2
  66 0018 06D8     		bhi	.L7
  70:C:/Users/nace/OneDrive/Desktop/STM32/Projects_nace/NUCLEO_LL_Project_LCD/STM32_NUCLEO_LL_Project_LCD_22_02_2025/Core/Src\sysmem.c ****   {
  71:C:/Users/nace/OneDrive/Desktop/STM32/Projects_nace/NUCLEO_LL_Project_LCD/STM32_NUCLEO_LL_Project_LCD_22_02_2025/Core/Src\sysmem.c ****     errno = ENOMEM;
  72:C:/Users/nace/OneDrive/Desktop/STM32/Projects_nace/NUCLEO_LL_Project_LCD/STM32_NUCLEO_LL_Project_LCD_22_02_2025/Core/Src\sysmem.c ****     return (void *)-1;
  73:C:/Users/nace/OneDrive/Desktop/STM32/Projects_nace/NUCLEO_LL_Project_LCD/STM32_NUCLEO_LL_Project_LCD_22_02_2025/Core/Src\sysmem.c ****   }
  74:C:/Users/nace/OneDrive/Desktop/STM32/Projects_nace/NUCLEO_LL_Project_LCD/STM32_NUCLEO_LL_Project_LCD_22_02_2025/Core/Src\sysmem.c **** 
  75:C:/Users/nace/OneDrive/Desktop/STM32/Projects_nace/NUCLEO_LL_Project_LCD/STM32_NUCLEO_LL_Project_LCD_22_02_2025/Core/Src\sysmem.c ****   prev_heap_end = __sbrk_heap_end;
  67              		.loc 1 75 3 is_stmt 1 view .LVU16
  68              	.LVL4:
  76:C:/Users/nace/OneDrive/Desktop/STM32/Projects_nace/NUCLEO_LL_Project_LCD/STM32_NUCLEO_LL_Project_LCD_22_02_2025/Core/Src\sysmem.c ****   __sbrk_heap_end += incr;
  69              		.loc 1 76 3 view .LVU17
  70              		.loc 1 76 19 is_stmt 0 view .LVU18
  71 001a 094A     		ldr	r2, .L8+8
  72 001c 1360     		str	r3, [r2]
  77:C:/Users/nace/OneDrive/Desktop/STM32/Projects_nace/NUCLEO_LL_Project_LCD/STM32_NUCLEO_LL_Project_LCD_22_02_2025/Core/Src\sysmem.c **** 
  78:C:/Users/nace/OneDrive/Desktop/STM32/Projects_nace/NUCLEO_LL_Project_LCD/STM32_NUCLEO_LL_Project_LCD_22_02_2025/Core/Src\sysmem.c ****   return (void *)prev_heap_end;
  73              		.loc 1 78 3 is_stmt 1 view .LVU19
  74              	.LVL5:
  75              	.L1:
  79:C:/Users/nace/OneDrive/Desktop/STM32/Projects_nace/NUCLEO_LL_Project_LCD/STM32_NUCLEO_LL_Project_LCD_22_02_2025/Core/Src\sysmem.c **** }
  76              		.loc 1 79 1 is_stmt 0 view .LVU20
  77 001e 10BD     		pop	{r4, pc}
  78              	.LVL6:
  79              	.L6:
  65:C:/Users/nace/OneDrive/Desktop/STM32/Projects_nace/NUCLEO_LL_Project_LCD/STM32_NUCLEO_LL_Project_LCD_22_02_2025/Core/Src\sysmem.c ****   }
  80              		.loc 1 65 5 is_stmt 1 view .LVU21
  65:C:/Users/nace/OneDrive/Desktop/STM32/Projects_nace/NUCLEO_LL_Project_LCD/STM32_NUCLEO_LL_Project_LCD_22_02_2025/Core/Src\sysmem.c ****   }
  81              		.loc 1 65 21 is_stmt 0 view .LVU22
  82 0020 0748     		ldr	r0, .L8+8
  83 0022 084C     		ldr	r4, .L8+12
  84 0024 0460     		str	r4, [r0]
  85 0026 F2E7     		b	.L2
  86              	.LVL7:
  87              	.L7:
  71:C:/Users/nace/OneDrive/Desktop/STM32/Projects_nace/NUCLEO_LL_Project_LCD/STM32_NUCLEO_LL_Project_LCD_22_02_2025/Core/Src\sysmem.c ****     return (void *)-1;
  88              		.loc 1 71 5 is_stmt 1 view .LVU23
  89 0028 FFF7FEFF 		bl	__errno
  90              	.LVL8:
  71:C:/Users/nace/OneDrive/Desktop/STM32/Projects_nace/NUCLEO_LL_Project_LCD/STM32_NUCLEO_LL_Project_LCD_22_02_2025/Core/Src\sysmem.c ****     return (void *)-1;
  91              		.loc 1 71 11 is_stmt 0 view .LVU24
  92 002c 0C23     		movs	r3, #12
  93 002e 0360     		str	r3, [r0]
  72:C:/Users/nace/OneDrive/Desktop/STM32/Projects_nace/NUCLEO_LL_Project_LCD/STM32_NUCLEO_LL_Project_LCD_22_02_2025/Core/Src\sysmem.c ****   }
  94              		.loc 1 72 5 is_stmt 1 view .LVU25
  72:C:/Users/nace/OneDrive/Desktop/STM32/Projects_nace/NUCLEO_LL_Project_LCD/STM32_NUCLEO_LL_Project_LCD_22_02_2025/Core/Src\sysmem.c ****   }
  95              		.loc 1 72 12 is_stmt 0 view .LVU26
  96 0030 4FF0FF30 		mov	r0, #-1
  97 0034 F3E7     		b	.L1
  98              	.L9:
  99 0036 00BF     		.align	2
 100              	.L8:
 101 0038 00000000 		.word	_estack
 102 003c 00000000 		.word	_Min_Stack_Size
 103 0040 00000000 		.word	__sbrk_heap_end
 104 0044 00000000 		.word	_end
 105              		.cfi_endproc
 106              	.LFE0:
 108              		.section	.bss.__sbrk_heap_end,"aw",%nobits
 109              		.align	2
 112              	__sbrk_heap_end:
 113 0000 00000000 		.space	4
 114              		.text
 115              	.Letext0:
 116              		.file 2 "C:\\ST\\STM32CubeCLT_1.16.0\\GNU-tools-for-STM32\\bin\\../lib/gcc/arm-none-eabi/12.3.1/in
 117              		.file 3 "C:\\ST\\STM32CubeCLT_1.16.0\\GNU-tools-for-STM32\\bin\\../lib/gcc/arm-none-eabi/12.3.1/..
 118              		.file 4 "C:\\ST\\STM32CubeCLT_1.16.0\\GNU-tools-for-STM32\\bin\\../lib/gcc/arm-none-eabi/12.3.1/..
 119              		.file 5 "C:\\ST\\STM32CubeCLT_1.16.0\\GNU-tools-for-STM32\\bin\\../lib/gcc/arm-none-eabi/12.3.1/..
