   1              		.cpu cortex-m3
   2              		.arch armv7-m
   3              		.fpu softvfp
   4              		.eabi_attribute 20, 1
   5              		.eabi_attribute 21, 1
   6              		.eabi_attribute 23, 3
   7              		.eabi_attribute 24, 1
   8              		.eabi_attribute 25, 1
   9              		.eabi_attribute 26, 1
  10              		.eabi_attribute 30, 1
  11              		.eabi_attribute 34, 1
  12              		.eabi_attribute 18, 4
  13              		.file	"system_stm32f1xx.c"
  14              		.text
  15              	.Ltext0:
  16              		.cfi_sections	.debug_frame
  17              		.file 1 "C:/Users/nace/OneDrive/Desktop/STM32/Projects_nace/NUCLEO_LL_Project_LCD/STM32_template_p
  18              		.section	.text.SystemInit,"ax",%progbits
  19              		.align	1
  20              		.global	SystemInit
  21              		.syntax unified
  22              		.thumb
  23              		.thumb_func
  25              	SystemInit:
  26              	.LFB65:
   1:C:/Users/nace/OneDrive/Desktop/STM32/Projects_nace/NUCLEO_LL_Project_LCD/STM32_template_proj/Core/Src\system_stm32f1xx.c **** /**
   2:C:/Users/nace/OneDrive/Desktop/STM32/Projects_nace/NUCLEO_LL_Project_LCD/STM32_template_proj/Core/Src\system_stm32f1xx.c ****   ******************************************************************************
   3:C:/Users/nace/OneDrive/Desktop/STM32/Projects_nace/NUCLEO_LL_Project_LCD/STM32_template_proj/Core/Src\system_stm32f1xx.c ****   * @file    system_stm32f1xx.c
   4:C:/Users/nace/OneDrive/Desktop/STM32/Projects_nace/NUCLEO_LL_Project_LCD/STM32_template_proj/Core/Src\system_stm32f1xx.c ****   * @author  MCD Application Team
   5:C:/Users/nace/OneDrive/Desktop/STM32/Projects_nace/NUCLEO_LL_Project_LCD/STM32_template_proj/Core/Src\system_stm32f1xx.c ****   * @brief   CMSIS Cortex-M3 Device Peripheral Access Layer System Source File.
   6:C:/Users/nace/OneDrive/Desktop/STM32/Projects_nace/NUCLEO_LL_Project_LCD/STM32_template_proj/Core/Src\system_stm32f1xx.c ****   * 
   7:C:/Users/nace/OneDrive/Desktop/STM32/Projects_nace/NUCLEO_LL_Project_LCD/STM32_template_proj/Core/Src\system_stm32f1xx.c ****   * 1.  This file provides two functions and one global variable to be called from 
   8:C:/Users/nace/OneDrive/Desktop/STM32/Projects_nace/NUCLEO_LL_Project_LCD/STM32_template_proj/Core/Src\system_stm32f1xx.c ****   *     user application:
   9:C:/Users/nace/OneDrive/Desktop/STM32/Projects_nace/NUCLEO_LL_Project_LCD/STM32_template_proj/Core/Src\system_stm32f1xx.c ****   *      - SystemInit(): Setups the system clock (System clock source, PLL Multiplier
  10:C:/Users/nace/OneDrive/Desktop/STM32/Projects_nace/NUCLEO_LL_Project_LCD/STM32_template_proj/Core/Src\system_stm32f1xx.c ****   *                      factors, AHB/APBx prescalers and Flash settings). 
  11:C:/Users/nace/OneDrive/Desktop/STM32/Projects_nace/NUCLEO_LL_Project_LCD/STM32_template_proj/Core/Src\system_stm32f1xx.c ****   *                      This function is called at startup just after reset and 
  12:C:/Users/nace/OneDrive/Desktop/STM32/Projects_nace/NUCLEO_LL_Project_LCD/STM32_template_proj/Core/Src\system_stm32f1xx.c ****   *                      before branch to main program. This call is made inside
  13:C:/Users/nace/OneDrive/Desktop/STM32/Projects_nace/NUCLEO_LL_Project_LCD/STM32_template_proj/Core/Src\system_stm32f1xx.c ****   *                      the "startup_stm32f1xx_xx.s" file.
  14:C:/Users/nace/OneDrive/Desktop/STM32/Projects_nace/NUCLEO_LL_Project_LCD/STM32_template_proj/Core/Src\system_stm32f1xx.c ****   *
  15:C:/Users/nace/OneDrive/Desktop/STM32/Projects_nace/NUCLEO_LL_Project_LCD/STM32_template_proj/Core/Src\system_stm32f1xx.c ****   *      - SystemCoreClock variable: Contains the core clock (HCLK), it can be used
  16:C:/Users/nace/OneDrive/Desktop/STM32/Projects_nace/NUCLEO_LL_Project_LCD/STM32_template_proj/Core/Src\system_stm32f1xx.c ****   *                                  by the user application to setup the SysTick 
  17:C:/Users/nace/OneDrive/Desktop/STM32/Projects_nace/NUCLEO_LL_Project_LCD/STM32_template_proj/Core/Src\system_stm32f1xx.c ****   *                                  timer or configure other parameters.
  18:C:/Users/nace/OneDrive/Desktop/STM32/Projects_nace/NUCLEO_LL_Project_LCD/STM32_template_proj/Core/Src\system_stm32f1xx.c ****   *                                     
  19:C:/Users/nace/OneDrive/Desktop/STM32/Projects_nace/NUCLEO_LL_Project_LCD/STM32_template_proj/Core/Src\system_stm32f1xx.c ****   *      - SystemCoreClockUpdate(): Updates the variable SystemCoreClock and must
  20:C:/Users/nace/OneDrive/Desktop/STM32/Projects_nace/NUCLEO_LL_Project_LCD/STM32_template_proj/Core/Src\system_stm32f1xx.c ****   *                                 be called whenever the core clock is changed
  21:C:/Users/nace/OneDrive/Desktop/STM32/Projects_nace/NUCLEO_LL_Project_LCD/STM32_template_proj/Core/Src\system_stm32f1xx.c ****   *                                 during program execution.
  22:C:/Users/nace/OneDrive/Desktop/STM32/Projects_nace/NUCLEO_LL_Project_LCD/STM32_template_proj/Core/Src\system_stm32f1xx.c ****   *
  23:C:/Users/nace/OneDrive/Desktop/STM32/Projects_nace/NUCLEO_LL_Project_LCD/STM32_template_proj/Core/Src\system_stm32f1xx.c ****   * 2. After each device reset the HSI (8 MHz) is used as system clock source.
  24:C:/Users/nace/OneDrive/Desktop/STM32/Projects_nace/NUCLEO_LL_Project_LCD/STM32_template_proj/Core/Src\system_stm32f1xx.c ****   *    Then SystemInit() function is called, in "startup_stm32f1xx_xx.s" file, to
  25:C:/Users/nace/OneDrive/Desktop/STM32/Projects_nace/NUCLEO_LL_Project_LCD/STM32_template_proj/Core/Src\system_stm32f1xx.c ****   *    configure the system clock before to branch to main program.
  26:C:/Users/nace/OneDrive/Desktop/STM32/Projects_nace/NUCLEO_LL_Project_LCD/STM32_template_proj/Core/Src\system_stm32f1xx.c ****   *
  27:C:/Users/nace/OneDrive/Desktop/STM32/Projects_nace/NUCLEO_LL_Project_LCD/STM32_template_proj/Core/Src\system_stm32f1xx.c ****   * 4. The default value of HSE crystal is set to 8 MHz (or 25 MHz, depending on
  28:C:/Users/nace/OneDrive/Desktop/STM32/Projects_nace/NUCLEO_LL_Project_LCD/STM32_template_proj/Core/Src\system_stm32f1xx.c ****   *    the product used), refer to "HSE_VALUE". 
  29:C:/Users/nace/OneDrive/Desktop/STM32/Projects_nace/NUCLEO_LL_Project_LCD/STM32_template_proj/Core/Src\system_stm32f1xx.c ****   *    When HSE is used as system clock source, directly or through PLL, and you
  30:C:/Users/nace/OneDrive/Desktop/STM32/Projects_nace/NUCLEO_LL_Project_LCD/STM32_template_proj/Core/Src\system_stm32f1xx.c ****   *    are using different crystal you have to adapt the HSE value to your own
  31:C:/Users/nace/OneDrive/Desktop/STM32/Projects_nace/NUCLEO_LL_Project_LCD/STM32_template_proj/Core/Src\system_stm32f1xx.c ****   *    configuration.
  32:C:/Users/nace/OneDrive/Desktop/STM32/Projects_nace/NUCLEO_LL_Project_LCD/STM32_template_proj/Core/Src\system_stm32f1xx.c ****   *        
  33:C:/Users/nace/OneDrive/Desktop/STM32/Projects_nace/NUCLEO_LL_Project_LCD/STM32_template_proj/Core/Src\system_stm32f1xx.c ****   ******************************************************************************
  34:C:/Users/nace/OneDrive/Desktop/STM32/Projects_nace/NUCLEO_LL_Project_LCD/STM32_template_proj/Core/Src\system_stm32f1xx.c ****   * @attention
  35:C:/Users/nace/OneDrive/Desktop/STM32/Projects_nace/NUCLEO_LL_Project_LCD/STM32_template_proj/Core/Src\system_stm32f1xx.c ****   *
  36:C:/Users/nace/OneDrive/Desktop/STM32/Projects_nace/NUCLEO_LL_Project_LCD/STM32_template_proj/Core/Src\system_stm32f1xx.c ****   * Copyright (c) 2017-2021 STMicroelectronics.
  37:C:/Users/nace/OneDrive/Desktop/STM32/Projects_nace/NUCLEO_LL_Project_LCD/STM32_template_proj/Core/Src\system_stm32f1xx.c ****   * All rights reserved.
  38:C:/Users/nace/OneDrive/Desktop/STM32/Projects_nace/NUCLEO_LL_Project_LCD/STM32_template_proj/Core/Src\system_stm32f1xx.c ****   *
  39:C:/Users/nace/OneDrive/Desktop/STM32/Projects_nace/NUCLEO_LL_Project_LCD/STM32_template_proj/Core/Src\system_stm32f1xx.c ****   * This software is licensed under terms that can be found in the LICENSE file
  40:C:/Users/nace/OneDrive/Desktop/STM32/Projects_nace/NUCLEO_LL_Project_LCD/STM32_template_proj/Core/Src\system_stm32f1xx.c ****   * in the root directory of this software component.
  41:C:/Users/nace/OneDrive/Desktop/STM32/Projects_nace/NUCLEO_LL_Project_LCD/STM32_template_proj/Core/Src\system_stm32f1xx.c ****   * If no LICENSE file comes with this software, it is provided AS-IS.
  42:C:/Users/nace/OneDrive/Desktop/STM32/Projects_nace/NUCLEO_LL_Project_LCD/STM32_template_proj/Core/Src\system_stm32f1xx.c ****   *
  43:C:/Users/nace/OneDrive/Desktop/STM32/Projects_nace/NUCLEO_LL_Project_LCD/STM32_template_proj/Core/Src\system_stm32f1xx.c ****   ******************************************************************************
  44:C:/Users/nace/OneDrive/Desktop/STM32/Projects_nace/NUCLEO_LL_Project_LCD/STM32_template_proj/Core/Src\system_stm32f1xx.c ****   */
  45:C:/Users/nace/OneDrive/Desktop/STM32/Projects_nace/NUCLEO_LL_Project_LCD/STM32_template_proj/Core/Src\system_stm32f1xx.c **** 
  46:C:/Users/nace/OneDrive/Desktop/STM32/Projects_nace/NUCLEO_LL_Project_LCD/STM32_template_proj/Core/Src\system_stm32f1xx.c **** /** @addtogroup CMSIS
  47:C:/Users/nace/OneDrive/Desktop/STM32/Projects_nace/NUCLEO_LL_Project_LCD/STM32_template_proj/Core/Src\system_stm32f1xx.c ****   * @{
  48:C:/Users/nace/OneDrive/Desktop/STM32/Projects_nace/NUCLEO_LL_Project_LCD/STM32_template_proj/Core/Src\system_stm32f1xx.c ****   */
  49:C:/Users/nace/OneDrive/Desktop/STM32/Projects_nace/NUCLEO_LL_Project_LCD/STM32_template_proj/Core/Src\system_stm32f1xx.c **** 
  50:C:/Users/nace/OneDrive/Desktop/STM32/Projects_nace/NUCLEO_LL_Project_LCD/STM32_template_proj/Core/Src\system_stm32f1xx.c **** /** @addtogroup stm32f1xx_system
  51:C:/Users/nace/OneDrive/Desktop/STM32/Projects_nace/NUCLEO_LL_Project_LCD/STM32_template_proj/Core/Src\system_stm32f1xx.c ****   * @{
  52:C:/Users/nace/OneDrive/Desktop/STM32/Projects_nace/NUCLEO_LL_Project_LCD/STM32_template_proj/Core/Src\system_stm32f1xx.c ****   */  
  53:C:/Users/nace/OneDrive/Desktop/STM32/Projects_nace/NUCLEO_LL_Project_LCD/STM32_template_proj/Core/Src\system_stm32f1xx.c ****   
  54:C:/Users/nace/OneDrive/Desktop/STM32/Projects_nace/NUCLEO_LL_Project_LCD/STM32_template_proj/Core/Src\system_stm32f1xx.c **** /** @addtogroup STM32F1xx_System_Private_Includes
  55:C:/Users/nace/OneDrive/Desktop/STM32/Projects_nace/NUCLEO_LL_Project_LCD/STM32_template_proj/Core/Src\system_stm32f1xx.c ****   * @{
  56:C:/Users/nace/OneDrive/Desktop/STM32/Projects_nace/NUCLEO_LL_Project_LCD/STM32_template_proj/Core/Src\system_stm32f1xx.c ****   */
  57:C:/Users/nace/OneDrive/Desktop/STM32/Projects_nace/NUCLEO_LL_Project_LCD/STM32_template_proj/Core/Src\system_stm32f1xx.c **** 
  58:C:/Users/nace/OneDrive/Desktop/STM32/Projects_nace/NUCLEO_LL_Project_LCD/STM32_template_proj/Core/Src\system_stm32f1xx.c **** #include "stm32f1xx.h"
  59:C:/Users/nace/OneDrive/Desktop/STM32/Projects_nace/NUCLEO_LL_Project_LCD/STM32_template_proj/Core/Src\system_stm32f1xx.c **** 
  60:C:/Users/nace/OneDrive/Desktop/STM32/Projects_nace/NUCLEO_LL_Project_LCD/STM32_template_proj/Core/Src\system_stm32f1xx.c **** /**
  61:C:/Users/nace/OneDrive/Desktop/STM32/Projects_nace/NUCLEO_LL_Project_LCD/STM32_template_proj/Core/Src\system_stm32f1xx.c ****   * @}
  62:C:/Users/nace/OneDrive/Desktop/STM32/Projects_nace/NUCLEO_LL_Project_LCD/STM32_template_proj/Core/Src\system_stm32f1xx.c ****   */
  63:C:/Users/nace/OneDrive/Desktop/STM32/Projects_nace/NUCLEO_LL_Project_LCD/STM32_template_proj/Core/Src\system_stm32f1xx.c **** 
  64:C:/Users/nace/OneDrive/Desktop/STM32/Projects_nace/NUCLEO_LL_Project_LCD/STM32_template_proj/Core/Src\system_stm32f1xx.c **** /** @addtogroup STM32F1xx_System_Private_TypesDefinitions
  65:C:/Users/nace/OneDrive/Desktop/STM32/Projects_nace/NUCLEO_LL_Project_LCD/STM32_template_proj/Core/Src\system_stm32f1xx.c ****   * @{
  66:C:/Users/nace/OneDrive/Desktop/STM32/Projects_nace/NUCLEO_LL_Project_LCD/STM32_template_proj/Core/Src\system_stm32f1xx.c ****   */
  67:C:/Users/nace/OneDrive/Desktop/STM32/Projects_nace/NUCLEO_LL_Project_LCD/STM32_template_proj/Core/Src\system_stm32f1xx.c **** 
  68:C:/Users/nace/OneDrive/Desktop/STM32/Projects_nace/NUCLEO_LL_Project_LCD/STM32_template_proj/Core/Src\system_stm32f1xx.c **** /**
  69:C:/Users/nace/OneDrive/Desktop/STM32/Projects_nace/NUCLEO_LL_Project_LCD/STM32_template_proj/Core/Src\system_stm32f1xx.c ****   * @}
  70:C:/Users/nace/OneDrive/Desktop/STM32/Projects_nace/NUCLEO_LL_Project_LCD/STM32_template_proj/Core/Src\system_stm32f1xx.c ****   */
  71:C:/Users/nace/OneDrive/Desktop/STM32/Projects_nace/NUCLEO_LL_Project_LCD/STM32_template_proj/Core/Src\system_stm32f1xx.c **** 
  72:C:/Users/nace/OneDrive/Desktop/STM32/Projects_nace/NUCLEO_LL_Project_LCD/STM32_template_proj/Core/Src\system_stm32f1xx.c **** /** @addtogroup STM32F1xx_System_Private_Defines
  73:C:/Users/nace/OneDrive/Desktop/STM32/Projects_nace/NUCLEO_LL_Project_LCD/STM32_template_proj/Core/Src\system_stm32f1xx.c ****   * @{
  74:C:/Users/nace/OneDrive/Desktop/STM32/Projects_nace/NUCLEO_LL_Project_LCD/STM32_template_proj/Core/Src\system_stm32f1xx.c ****   */
  75:C:/Users/nace/OneDrive/Desktop/STM32/Projects_nace/NUCLEO_LL_Project_LCD/STM32_template_proj/Core/Src\system_stm32f1xx.c **** 
  76:C:/Users/nace/OneDrive/Desktop/STM32/Projects_nace/NUCLEO_LL_Project_LCD/STM32_template_proj/Core/Src\system_stm32f1xx.c **** #if !defined  (HSE_VALUE) 
  77:C:/Users/nace/OneDrive/Desktop/STM32/Projects_nace/NUCLEO_LL_Project_LCD/STM32_template_proj/Core/Src\system_stm32f1xx.c ****   #define HSE_VALUE               8000000U /*!< Default value of the External oscillator in Hz.
  78:C:/Users/nace/OneDrive/Desktop/STM32/Projects_nace/NUCLEO_LL_Project_LCD/STM32_template_proj/Core/Src\system_stm32f1xx.c ****                                                 This value can be provided and adapted by the user 
  79:C:/Users/nace/OneDrive/Desktop/STM32/Projects_nace/NUCLEO_LL_Project_LCD/STM32_template_proj/Core/Src\system_stm32f1xx.c **** #endif /* HSE_VALUE */
  80:C:/Users/nace/OneDrive/Desktop/STM32/Projects_nace/NUCLEO_LL_Project_LCD/STM32_template_proj/Core/Src\system_stm32f1xx.c **** 
  81:C:/Users/nace/OneDrive/Desktop/STM32/Projects_nace/NUCLEO_LL_Project_LCD/STM32_template_proj/Core/Src\system_stm32f1xx.c **** #if !defined  (HSI_VALUE)
  82:C:/Users/nace/OneDrive/Desktop/STM32/Projects_nace/NUCLEO_LL_Project_LCD/STM32_template_proj/Core/Src\system_stm32f1xx.c ****   #define HSI_VALUE               8000000U /*!< Default value of the Internal oscillator in Hz.
  83:C:/Users/nace/OneDrive/Desktop/STM32/Projects_nace/NUCLEO_LL_Project_LCD/STM32_template_proj/Core/Src\system_stm32f1xx.c ****                                                 This value can be provided and adapted by the user 
  84:C:/Users/nace/OneDrive/Desktop/STM32/Projects_nace/NUCLEO_LL_Project_LCD/STM32_template_proj/Core/Src\system_stm32f1xx.c **** #endif /* HSI_VALUE */
  85:C:/Users/nace/OneDrive/Desktop/STM32/Projects_nace/NUCLEO_LL_Project_LCD/STM32_template_proj/Core/Src\system_stm32f1xx.c **** 
  86:C:/Users/nace/OneDrive/Desktop/STM32/Projects_nace/NUCLEO_LL_Project_LCD/STM32_template_proj/Core/Src\system_stm32f1xx.c **** /*!< Uncomment the following line if you need to use external SRAM  */ 
  87:C:/Users/nace/OneDrive/Desktop/STM32/Projects_nace/NUCLEO_LL_Project_LCD/STM32_template_proj/Core/Src\system_stm32f1xx.c **** #if defined(STM32F100xE) || defined(STM32F101xE) || defined(STM32F101xG) || defined(STM32F103xE) ||
  88:C:/Users/nace/OneDrive/Desktop/STM32/Projects_nace/NUCLEO_LL_Project_LCD/STM32_template_proj/Core/Src\system_stm32f1xx.c **** /* #define DATA_IN_ExtSRAM */
  89:C:/Users/nace/OneDrive/Desktop/STM32/Projects_nace/NUCLEO_LL_Project_LCD/STM32_template_proj/Core/Src\system_stm32f1xx.c **** #endif /* STM32F100xE || STM32F101xE || STM32F101xG || STM32F103xE || STM32F103xG */
  90:C:/Users/nace/OneDrive/Desktop/STM32/Projects_nace/NUCLEO_LL_Project_LCD/STM32_template_proj/Core/Src\system_stm32f1xx.c **** 
  91:C:/Users/nace/OneDrive/Desktop/STM32/Projects_nace/NUCLEO_LL_Project_LCD/STM32_template_proj/Core/Src\system_stm32f1xx.c **** /* Note: Following vector table addresses must be defined in line with linker
  92:C:/Users/nace/OneDrive/Desktop/STM32/Projects_nace/NUCLEO_LL_Project_LCD/STM32_template_proj/Core/Src\system_stm32f1xx.c ****          configuration. */
  93:C:/Users/nace/OneDrive/Desktop/STM32/Projects_nace/NUCLEO_LL_Project_LCD/STM32_template_proj/Core/Src\system_stm32f1xx.c **** /*!< Uncomment the following line if you need to relocate the vector table
  94:C:/Users/nace/OneDrive/Desktop/STM32/Projects_nace/NUCLEO_LL_Project_LCD/STM32_template_proj/Core/Src\system_stm32f1xx.c ****      anywhere in Flash or Sram, else the vector table is kept at the automatic
  95:C:/Users/nace/OneDrive/Desktop/STM32/Projects_nace/NUCLEO_LL_Project_LCD/STM32_template_proj/Core/Src\system_stm32f1xx.c ****      remap of boot address selected */
  96:C:/Users/nace/OneDrive/Desktop/STM32/Projects_nace/NUCLEO_LL_Project_LCD/STM32_template_proj/Core/Src\system_stm32f1xx.c **** /* #define USER_VECT_TAB_ADDRESS */
  97:C:/Users/nace/OneDrive/Desktop/STM32/Projects_nace/NUCLEO_LL_Project_LCD/STM32_template_proj/Core/Src\system_stm32f1xx.c **** 
  98:C:/Users/nace/OneDrive/Desktop/STM32/Projects_nace/NUCLEO_LL_Project_LCD/STM32_template_proj/Core/Src\system_stm32f1xx.c **** #if defined(USER_VECT_TAB_ADDRESS)
  99:C:/Users/nace/OneDrive/Desktop/STM32/Projects_nace/NUCLEO_LL_Project_LCD/STM32_template_proj/Core/Src\system_stm32f1xx.c **** /*!< Uncomment the following line if you need to relocate your vector Table
 100:C:/Users/nace/OneDrive/Desktop/STM32/Projects_nace/NUCLEO_LL_Project_LCD/STM32_template_proj/Core/Src\system_stm32f1xx.c ****      in Sram else user remap will be done in Flash. */
 101:C:/Users/nace/OneDrive/Desktop/STM32/Projects_nace/NUCLEO_LL_Project_LCD/STM32_template_proj/Core/Src\system_stm32f1xx.c **** /* #define VECT_TAB_SRAM */
 102:C:/Users/nace/OneDrive/Desktop/STM32/Projects_nace/NUCLEO_LL_Project_LCD/STM32_template_proj/Core/Src\system_stm32f1xx.c **** #if defined(VECT_TAB_SRAM)
 103:C:/Users/nace/OneDrive/Desktop/STM32/Projects_nace/NUCLEO_LL_Project_LCD/STM32_template_proj/Core/Src\system_stm32f1xx.c **** #define VECT_TAB_BASE_ADDRESS   SRAM_BASE       /*!< Vector Table base address field.
 104:C:/Users/nace/OneDrive/Desktop/STM32/Projects_nace/NUCLEO_LL_Project_LCD/STM32_template_proj/Core/Src\system_stm32f1xx.c ****                                                      This value must be a multiple of 0x200. */
 105:C:/Users/nace/OneDrive/Desktop/STM32/Projects_nace/NUCLEO_LL_Project_LCD/STM32_template_proj/Core/Src\system_stm32f1xx.c **** #define VECT_TAB_OFFSET         0x00000000U     /*!< Vector Table base offset field.
 106:C:/Users/nace/OneDrive/Desktop/STM32/Projects_nace/NUCLEO_LL_Project_LCD/STM32_template_proj/Core/Src\system_stm32f1xx.c ****                                                      This value must be a multiple of 0x200. */
 107:C:/Users/nace/OneDrive/Desktop/STM32/Projects_nace/NUCLEO_LL_Project_LCD/STM32_template_proj/Core/Src\system_stm32f1xx.c **** #else
 108:C:/Users/nace/OneDrive/Desktop/STM32/Projects_nace/NUCLEO_LL_Project_LCD/STM32_template_proj/Core/Src\system_stm32f1xx.c **** #define VECT_TAB_BASE_ADDRESS   FLASH_BASE      /*!< Vector Table base address field.
 109:C:/Users/nace/OneDrive/Desktop/STM32/Projects_nace/NUCLEO_LL_Project_LCD/STM32_template_proj/Core/Src\system_stm32f1xx.c ****                                                      This value must be a multiple of 0x200. */
 110:C:/Users/nace/OneDrive/Desktop/STM32/Projects_nace/NUCLEO_LL_Project_LCD/STM32_template_proj/Core/Src\system_stm32f1xx.c **** #define VECT_TAB_OFFSET         0x00000000U     /*!< Vector Table base offset field.
 111:C:/Users/nace/OneDrive/Desktop/STM32/Projects_nace/NUCLEO_LL_Project_LCD/STM32_template_proj/Core/Src\system_stm32f1xx.c ****                                                      This value must be a multiple of 0x200. */
 112:C:/Users/nace/OneDrive/Desktop/STM32/Projects_nace/NUCLEO_LL_Project_LCD/STM32_template_proj/Core/Src\system_stm32f1xx.c **** #endif /* VECT_TAB_SRAM */
 113:C:/Users/nace/OneDrive/Desktop/STM32/Projects_nace/NUCLEO_LL_Project_LCD/STM32_template_proj/Core/Src\system_stm32f1xx.c **** #endif /* USER_VECT_TAB_ADDRESS */
 114:C:/Users/nace/OneDrive/Desktop/STM32/Projects_nace/NUCLEO_LL_Project_LCD/STM32_template_proj/Core/Src\system_stm32f1xx.c **** 
 115:C:/Users/nace/OneDrive/Desktop/STM32/Projects_nace/NUCLEO_LL_Project_LCD/STM32_template_proj/Core/Src\system_stm32f1xx.c **** /******************************************************************************/
 116:C:/Users/nace/OneDrive/Desktop/STM32/Projects_nace/NUCLEO_LL_Project_LCD/STM32_template_proj/Core/Src\system_stm32f1xx.c **** 
 117:C:/Users/nace/OneDrive/Desktop/STM32/Projects_nace/NUCLEO_LL_Project_LCD/STM32_template_proj/Core/Src\system_stm32f1xx.c **** /**
 118:C:/Users/nace/OneDrive/Desktop/STM32/Projects_nace/NUCLEO_LL_Project_LCD/STM32_template_proj/Core/Src\system_stm32f1xx.c ****   * @}
 119:C:/Users/nace/OneDrive/Desktop/STM32/Projects_nace/NUCLEO_LL_Project_LCD/STM32_template_proj/Core/Src\system_stm32f1xx.c ****   */
 120:C:/Users/nace/OneDrive/Desktop/STM32/Projects_nace/NUCLEO_LL_Project_LCD/STM32_template_proj/Core/Src\system_stm32f1xx.c **** 
 121:C:/Users/nace/OneDrive/Desktop/STM32/Projects_nace/NUCLEO_LL_Project_LCD/STM32_template_proj/Core/Src\system_stm32f1xx.c **** /** @addtogroup STM32F1xx_System_Private_Macros
 122:C:/Users/nace/OneDrive/Desktop/STM32/Projects_nace/NUCLEO_LL_Project_LCD/STM32_template_proj/Core/Src\system_stm32f1xx.c ****   * @{
 123:C:/Users/nace/OneDrive/Desktop/STM32/Projects_nace/NUCLEO_LL_Project_LCD/STM32_template_proj/Core/Src\system_stm32f1xx.c ****   */
 124:C:/Users/nace/OneDrive/Desktop/STM32/Projects_nace/NUCLEO_LL_Project_LCD/STM32_template_proj/Core/Src\system_stm32f1xx.c **** 
 125:C:/Users/nace/OneDrive/Desktop/STM32/Projects_nace/NUCLEO_LL_Project_LCD/STM32_template_proj/Core/Src\system_stm32f1xx.c **** /**
 126:C:/Users/nace/OneDrive/Desktop/STM32/Projects_nace/NUCLEO_LL_Project_LCD/STM32_template_proj/Core/Src\system_stm32f1xx.c ****   * @}
 127:C:/Users/nace/OneDrive/Desktop/STM32/Projects_nace/NUCLEO_LL_Project_LCD/STM32_template_proj/Core/Src\system_stm32f1xx.c ****   */
 128:C:/Users/nace/OneDrive/Desktop/STM32/Projects_nace/NUCLEO_LL_Project_LCD/STM32_template_proj/Core/Src\system_stm32f1xx.c **** 
 129:C:/Users/nace/OneDrive/Desktop/STM32/Projects_nace/NUCLEO_LL_Project_LCD/STM32_template_proj/Core/Src\system_stm32f1xx.c **** /** @addtogroup STM32F1xx_System_Private_Variables
 130:C:/Users/nace/OneDrive/Desktop/STM32/Projects_nace/NUCLEO_LL_Project_LCD/STM32_template_proj/Core/Src\system_stm32f1xx.c ****   * @{
 131:C:/Users/nace/OneDrive/Desktop/STM32/Projects_nace/NUCLEO_LL_Project_LCD/STM32_template_proj/Core/Src\system_stm32f1xx.c ****   */
 132:C:/Users/nace/OneDrive/Desktop/STM32/Projects_nace/NUCLEO_LL_Project_LCD/STM32_template_proj/Core/Src\system_stm32f1xx.c **** 
 133:C:/Users/nace/OneDrive/Desktop/STM32/Projects_nace/NUCLEO_LL_Project_LCD/STM32_template_proj/Core/Src\system_stm32f1xx.c ****   /* This variable is updated in three ways:
 134:C:/Users/nace/OneDrive/Desktop/STM32/Projects_nace/NUCLEO_LL_Project_LCD/STM32_template_proj/Core/Src\system_stm32f1xx.c ****       1) by calling CMSIS function SystemCoreClockUpdate()
 135:C:/Users/nace/OneDrive/Desktop/STM32/Projects_nace/NUCLEO_LL_Project_LCD/STM32_template_proj/Core/Src\system_stm32f1xx.c ****       2) by calling HAL API function HAL_RCC_GetHCLKFreq()
 136:C:/Users/nace/OneDrive/Desktop/STM32/Projects_nace/NUCLEO_LL_Project_LCD/STM32_template_proj/Core/Src\system_stm32f1xx.c ****       3) each time HAL_RCC_ClockConfig() is called to configure the system clock frequency 
 137:C:/Users/nace/OneDrive/Desktop/STM32/Projects_nace/NUCLEO_LL_Project_LCD/STM32_template_proj/Core/Src\system_stm32f1xx.c ****          Note: If you use this function to configure the system clock; then there
 138:C:/Users/nace/OneDrive/Desktop/STM32/Projects_nace/NUCLEO_LL_Project_LCD/STM32_template_proj/Core/Src\system_stm32f1xx.c ****                is no need to call the 2 first functions listed above, since SystemCoreClock
 139:C:/Users/nace/OneDrive/Desktop/STM32/Projects_nace/NUCLEO_LL_Project_LCD/STM32_template_proj/Core/Src\system_stm32f1xx.c ****                variable is updated automatically.
 140:C:/Users/nace/OneDrive/Desktop/STM32/Projects_nace/NUCLEO_LL_Project_LCD/STM32_template_proj/Core/Src\system_stm32f1xx.c ****   */
 141:C:/Users/nace/OneDrive/Desktop/STM32/Projects_nace/NUCLEO_LL_Project_LCD/STM32_template_proj/Core/Src\system_stm32f1xx.c **** uint32_t SystemCoreClock = 8000000;
 142:C:/Users/nace/OneDrive/Desktop/STM32/Projects_nace/NUCLEO_LL_Project_LCD/STM32_template_proj/Core/Src\system_stm32f1xx.c **** const uint8_t AHBPrescTable[16U] = {0, 0, 0, 0, 0, 0, 0, 0, 1, 2, 3, 4, 6, 7, 8, 9};
 143:C:/Users/nace/OneDrive/Desktop/STM32/Projects_nace/NUCLEO_LL_Project_LCD/STM32_template_proj/Core/Src\system_stm32f1xx.c **** const uint8_t APBPrescTable[8U] =  {0, 0, 0, 0, 1, 2, 3, 4};
 144:C:/Users/nace/OneDrive/Desktop/STM32/Projects_nace/NUCLEO_LL_Project_LCD/STM32_template_proj/Core/Src\system_stm32f1xx.c **** 
 145:C:/Users/nace/OneDrive/Desktop/STM32/Projects_nace/NUCLEO_LL_Project_LCD/STM32_template_proj/Core/Src\system_stm32f1xx.c **** /**
 146:C:/Users/nace/OneDrive/Desktop/STM32/Projects_nace/NUCLEO_LL_Project_LCD/STM32_template_proj/Core/Src\system_stm32f1xx.c ****   * @}
 147:C:/Users/nace/OneDrive/Desktop/STM32/Projects_nace/NUCLEO_LL_Project_LCD/STM32_template_proj/Core/Src\system_stm32f1xx.c ****   */
 148:C:/Users/nace/OneDrive/Desktop/STM32/Projects_nace/NUCLEO_LL_Project_LCD/STM32_template_proj/Core/Src\system_stm32f1xx.c **** 
 149:C:/Users/nace/OneDrive/Desktop/STM32/Projects_nace/NUCLEO_LL_Project_LCD/STM32_template_proj/Core/Src\system_stm32f1xx.c **** /** @addtogroup STM32F1xx_System_Private_FunctionPrototypes
 150:C:/Users/nace/OneDrive/Desktop/STM32/Projects_nace/NUCLEO_LL_Project_LCD/STM32_template_proj/Core/Src\system_stm32f1xx.c ****   * @{
 151:C:/Users/nace/OneDrive/Desktop/STM32/Projects_nace/NUCLEO_LL_Project_LCD/STM32_template_proj/Core/Src\system_stm32f1xx.c ****   */
 152:C:/Users/nace/OneDrive/Desktop/STM32/Projects_nace/NUCLEO_LL_Project_LCD/STM32_template_proj/Core/Src\system_stm32f1xx.c **** 
 153:C:/Users/nace/OneDrive/Desktop/STM32/Projects_nace/NUCLEO_LL_Project_LCD/STM32_template_proj/Core/Src\system_stm32f1xx.c **** #if defined(STM32F100xE) || defined(STM32F101xE) || defined(STM32F101xG) || defined(STM32F103xE) ||
 154:C:/Users/nace/OneDrive/Desktop/STM32/Projects_nace/NUCLEO_LL_Project_LCD/STM32_template_proj/Core/Src\system_stm32f1xx.c **** #ifdef DATA_IN_ExtSRAM
 155:C:/Users/nace/OneDrive/Desktop/STM32/Projects_nace/NUCLEO_LL_Project_LCD/STM32_template_proj/Core/Src\system_stm32f1xx.c ****   static void SystemInit_ExtMemCtl(void); 
 156:C:/Users/nace/OneDrive/Desktop/STM32/Projects_nace/NUCLEO_LL_Project_LCD/STM32_template_proj/Core/Src\system_stm32f1xx.c **** #endif /* DATA_IN_ExtSRAM */
 157:C:/Users/nace/OneDrive/Desktop/STM32/Projects_nace/NUCLEO_LL_Project_LCD/STM32_template_proj/Core/Src\system_stm32f1xx.c **** #endif /* STM32F100xE || STM32F101xE || STM32F101xG || STM32F103xE || STM32F103xG */
 158:C:/Users/nace/OneDrive/Desktop/STM32/Projects_nace/NUCLEO_LL_Project_LCD/STM32_template_proj/Core/Src\system_stm32f1xx.c **** 
 159:C:/Users/nace/OneDrive/Desktop/STM32/Projects_nace/NUCLEO_LL_Project_LCD/STM32_template_proj/Core/Src\system_stm32f1xx.c **** /**
 160:C:/Users/nace/OneDrive/Desktop/STM32/Projects_nace/NUCLEO_LL_Project_LCD/STM32_template_proj/Core/Src\system_stm32f1xx.c ****   * @}
 161:C:/Users/nace/OneDrive/Desktop/STM32/Projects_nace/NUCLEO_LL_Project_LCD/STM32_template_proj/Core/Src\system_stm32f1xx.c ****   */
 162:C:/Users/nace/OneDrive/Desktop/STM32/Projects_nace/NUCLEO_LL_Project_LCD/STM32_template_proj/Core/Src\system_stm32f1xx.c **** 
 163:C:/Users/nace/OneDrive/Desktop/STM32/Projects_nace/NUCLEO_LL_Project_LCD/STM32_template_proj/Core/Src\system_stm32f1xx.c **** /** @addtogroup STM32F1xx_System_Private_Functions
 164:C:/Users/nace/OneDrive/Desktop/STM32/Projects_nace/NUCLEO_LL_Project_LCD/STM32_template_proj/Core/Src\system_stm32f1xx.c ****   * @{
 165:C:/Users/nace/OneDrive/Desktop/STM32/Projects_nace/NUCLEO_LL_Project_LCD/STM32_template_proj/Core/Src\system_stm32f1xx.c ****   */
 166:C:/Users/nace/OneDrive/Desktop/STM32/Projects_nace/NUCLEO_LL_Project_LCD/STM32_template_proj/Core/Src\system_stm32f1xx.c **** 
 167:C:/Users/nace/OneDrive/Desktop/STM32/Projects_nace/NUCLEO_LL_Project_LCD/STM32_template_proj/Core/Src\system_stm32f1xx.c **** /**
 168:C:/Users/nace/OneDrive/Desktop/STM32/Projects_nace/NUCLEO_LL_Project_LCD/STM32_template_proj/Core/Src\system_stm32f1xx.c ****   * @brief  Setup the microcontroller system
 169:C:/Users/nace/OneDrive/Desktop/STM32/Projects_nace/NUCLEO_LL_Project_LCD/STM32_template_proj/Core/Src\system_stm32f1xx.c ****   *         Initialize the Embedded Flash Interface, the PLL and update the 
 170:C:/Users/nace/OneDrive/Desktop/STM32/Projects_nace/NUCLEO_LL_Project_LCD/STM32_template_proj/Core/Src\system_stm32f1xx.c ****   *         SystemCoreClock variable.
 171:C:/Users/nace/OneDrive/Desktop/STM32/Projects_nace/NUCLEO_LL_Project_LCD/STM32_template_proj/Core/Src\system_stm32f1xx.c ****   * @note   This function should be used only after reset.
 172:C:/Users/nace/OneDrive/Desktop/STM32/Projects_nace/NUCLEO_LL_Project_LCD/STM32_template_proj/Core/Src\system_stm32f1xx.c ****   * @param  None
 173:C:/Users/nace/OneDrive/Desktop/STM32/Projects_nace/NUCLEO_LL_Project_LCD/STM32_template_proj/Core/Src\system_stm32f1xx.c ****   * @retval None
 174:C:/Users/nace/OneDrive/Desktop/STM32/Projects_nace/NUCLEO_LL_Project_LCD/STM32_template_proj/Core/Src\system_stm32f1xx.c ****   */
 175:C:/Users/nace/OneDrive/Desktop/STM32/Projects_nace/NUCLEO_LL_Project_LCD/STM32_template_proj/Core/Src\system_stm32f1xx.c **** 
 176:C:/Users/nace/OneDrive/Desktop/STM32/Projects_nace/NUCLEO_LL_Project_LCD/STM32_template_proj/Core/Src\system_stm32f1xx.c **** 
 177:C:/Users/nace/OneDrive/Desktop/STM32/Projects_nace/NUCLEO_LL_Project_LCD/STM32_template_proj/Core/Src\system_stm32f1xx.c **** void SystemInit (void)
 178:C:/Users/nace/OneDrive/Desktop/STM32/Projects_nace/NUCLEO_LL_Project_LCD/STM32_template_proj/Core/Src\system_stm32f1xx.c **** {
  27              		.loc 1 178 1 view -0
  28              		.cfi_startproc
  29              		@ args = 0, pretend = 0, frame = 0
  30              		@ frame_needed = 0, uses_anonymous_args = 0
  31              		@ link register save eliminated.
 179:C:/Users/nace/OneDrive/Desktop/STM32/Projects_nace/NUCLEO_LL_Project_LCD/STM32_template_proj/Core/Src\system_stm32f1xx.c **** #if defined(STM32F100xE) || defined(STM32F101xE) || defined(STM32F101xG) || defined(STM32F103xE) ||
 180:C:/Users/nace/OneDrive/Desktop/STM32/Projects_nace/NUCLEO_LL_Project_LCD/STM32_template_proj/Core/Src\system_stm32f1xx.c ****   #ifdef DATA_IN_ExtSRAM
 181:C:/Users/nace/OneDrive/Desktop/STM32/Projects_nace/NUCLEO_LL_Project_LCD/STM32_template_proj/Core/Src\system_stm32f1xx.c ****     SystemInit_ExtMemCtl(); 
 182:C:/Users/nace/OneDrive/Desktop/STM32/Projects_nace/NUCLEO_LL_Project_LCD/STM32_template_proj/Core/Src\system_stm32f1xx.c ****   #endif /* DATA_IN_ExtSRAM */
 183:C:/Users/nace/OneDrive/Desktop/STM32/Projects_nace/NUCLEO_LL_Project_LCD/STM32_template_proj/Core/Src\system_stm32f1xx.c **** #endif 
 184:C:/Users/nace/OneDrive/Desktop/STM32/Projects_nace/NUCLEO_LL_Project_LCD/STM32_template_proj/Core/Src\system_stm32f1xx.c **** 
 185:C:/Users/nace/OneDrive/Desktop/STM32/Projects_nace/NUCLEO_LL_Project_LCD/STM32_template_proj/Core/Src\system_stm32f1xx.c ****   /* Configure the Vector Table location -------------------------------------*/
 186:C:/Users/nace/OneDrive/Desktop/STM32/Projects_nace/NUCLEO_LL_Project_LCD/STM32_template_proj/Core/Src\system_stm32f1xx.c **** #if defined(USER_VECT_TAB_ADDRESS)
 187:C:/Users/nace/OneDrive/Desktop/STM32/Projects_nace/NUCLEO_LL_Project_LCD/STM32_template_proj/Core/Src\system_stm32f1xx.c ****   SCB->VTOR = VECT_TAB_BASE_ADDRESS | VECT_TAB_OFFSET; /* Vector Table Relocation in Internal SRAM.
 188:C:/Users/nace/OneDrive/Desktop/STM32/Projects_nace/NUCLEO_LL_Project_LCD/STM32_template_proj/Core/Src\system_stm32f1xx.c **** #endif /* USER_VECT_TAB_ADDRESS */
 189:C:/Users/nace/OneDrive/Desktop/STM32/Projects_nace/NUCLEO_LL_Project_LCD/STM32_template_proj/Core/Src\system_stm32f1xx.c **** }
  32              		.loc 1 189 1 view .LVU1
  33 0000 7047     		bx	lr
  34              		.cfi_endproc
  35              	.LFE65:
  37              		.section	.text.SystemCoreClockUpdate,"ax",%progbits
  38              		.align	1
  39              		.global	SystemCoreClockUpdate
  40              		.syntax unified
  41              		.thumb
  42              		.thumb_func
  44              	SystemCoreClockUpdate:
  45              	.LFB66:
 190:C:/Users/nace/OneDrive/Desktop/STM32/Projects_nace/NUCLEO_LL_Project_LCD/STM32_template_proj/Core/Src\system_stm32f1xx.c **** 
 191:C:/Users/nace/OneDrive/Desktop/STM32/Projects_nace/NUCLEO_LL_Project_LCD/STM32_template_proj/Core/Src\system_stm32f1xx.c **** /**
 192:C:/Users/nace/OneDrive/Desktop/STM32/Projects_nace/NUCLEO_LL_Project_LCD/STM32_template_proj/Core/Src\system_stm32f1xx.c ****   * @brief  Update SystemCoreClock variable according to Clock Register Values.
 193:C:/Users/nace/OneDrive/Desktop/STM32/Projects_nace/NUCLEO_LL_Project_LCD/STM32_template_proj/Core/Src\system_stm32f1xx.c ****   *         The SystemCoreClock variable contains the core clock (HCLK), it can
 194:C:/Users/nace/OneDrive/Desktop/STM32/Projects_nace/NUCLEO_LL_Project_LCD/STM32_template_proj/Core/Src\system_stm32f1xx.c ****   *         be used by the user application to setup the SysTick timer or configure
 195:C:/Users/nace/OneDrive/Desktop/STM32/Projects_nace/NUCLEO_LL_Project_LCD/STM32_template_proj/Core/Src\system_stm32f1xx.c ****   *         other parameters.
 196:C:/Users/nace/OneDrive/Desktop/STM32/Projects_nace/NUCLEO_LL_Project_LCD/STM32_template_proj/Core/Src\system_stm32f1xx.c ****   *           
 197:C:/Users/nace/OneDrive/Desktop/STM32/Projects_nace/NUCLEO_LL_Project_LCD/STM32_template_proj/Core/Src\system_stm32f1xx.c ****   * @note   Each time the core clock (HCLK) changes, this function must be called
 198:C:/Users/nace/OneDrive/Desktop/STM32/Projects_nace/NUCLEO_LL_Project_LCD/STM32_template_proj/Core/Src\system_stm32f1xx.c ****   *         to update SystemCoreClock variable value. Otherwise, any configuration
 199:C:/Users/nace/OneDrive/Desktop/STM32/Projects_nace/NUCLEO_LL_Project_LCD/STM32_template_proj/Core/Src\system_stm32f1xx.c ****   *         based on this variable will be incorrect.         
 200:C:/Users/nace/OneDrive/Desktop/STM32/Projects_nace/NUCLEO_LL_Project_LCD/STM32_template_proj/Core/Src\system_stm32f1xx.c ****   *     
 201:C:/Users/nace/OneDrive/Desktop/STM32/Projects_nace/NUCLEO_LL_Project_LCD/STM32_template_proj/Core/Src\system_stm32f1xx.c ****   * @note   - The system frequency computed by this function is not the real 
 202:C:/Users/nace/OneDrive/Desktop/STM32/Projects_nace/NUCLEO_LL_Project_LCD/STM32_template_proj/Core/Src\system_stm32f1xx.c ****   *           frequency in the chip. It is calculated based on the predefined 
 203:C:/Users/nace/OneDrive/Desktop/STM32/Projects_nace/NUCLEO_LL_Project_LCD/STM32_template_proj/Core/Src\system_stm32f1xx.c ****   *           constant and the selected clock source:
 204:C:/Users/nace/OneDrive/Desktop/STM32/Projects_nace/NUCLEO_LL_Project_LCD/STM32_template_proj/Core/Src\system_stm32f1xx.c ****   *             
 205:C:/Users/nace/OneDrive/Desktop/STM32/Projects_nace/NUCLEO_LL_Project_LCD/STM32_template_proj/Core/Src\system_stm32f1xx.c ****   *           - If SYSCLK source is HSI, SystemCoreClock will contain the HSI_VALUE(*)
 206:C:/Users/nace/OneDrive/Desktop/STM32/Projects_nace/NUCLEO_LL_Project_LCD/STM32_template_proj/Core/Src\system_stm32f1xx.c ****   *                                              
 207:C:/Users/nace/OneDrive/Desktop/STM32/Projects_nace/NUCLEO_LL_Project_LCD/STM32_template_proj/Core/Src\system_stm32f1xx.c ****   *           - If SYSCLK source is HSE, SystemCoreClock will contain the HSE_VALUE(**)
 208:C:/Users/nace/OneDrive/Desktop/STM32/Projects_nace/NUCLEO_LL_Project_LCD/STM32_template_proj/Core/Src\system_stm32f1xx.c ****   *                          
 209:C:/Users/nace/OneDrive/Desktop/STM32/Projects_nace/NUCLEO_LL_Project_LCD/STM32_template_proj/Core/Src\system_stm32f1xx.c ****   *           - If SYSCLK source is PLL, SystemCoreClock will contain the HSE_VALUE(**) 
 210:C:/Users/nace/OneDrive/Desktop/STM32/Projects_nace/NUCLEO_LL_Project_LCD/STM32_template_proj/Core/Src\system_stm32f1xx.c ****   *             or HSI_VALUE(*) multiplied by the PLL factors.
 211:C:/Users/nace/OneDrive/Desktop/STM32/Projects_nace/NUCLEO_LL_Project_LCD/STM32_template_proj/Core/Src\system_stm32f1xx.c ****   *         
 212:C:/Users/nace/OneDrive/Desktop/STM32/Projects_nace/NUCLEO_LL_Project_LCD/STM32_template_proj/Core/Src\system_stm32f1xx.c ****   *         (*) HSI_VALUE is a constant defined in stm32f1xx.h file (default value
 213:C:/Users/nace/OneDrive/Desktop/STM32/Projects_nace/NUCLEO_LL_Project_LCD/STM32_template_proj/Core/Src\system_stm32f1xx.c ****   *             8 MHz) but the real value may vary depending on the variations
 214:C:/Users/nace/OneDrive/Desktop/STM32/Projects_nace/NUCLEO_LL_Project_LCD/STM32_template_proj/Core/Src\system_stm32f1xx.c ****   *             in voltage and temperature.   
 215:C:/Users/nace/OneDrive/Desktop/STM32/Projects_nace/NUCLEO_LL_Project_LCD/STM32_template_proj/Core/Src\system_stm32f1xx.c ****   *    
 216:C:/Users/nace/OneDrive/Desktop/STM32/Projects_nace/NUCLEO_LL_Project_LCD/STM32_template_proj/Core/Src\system_stm32f1xx.c ****   *         (**) HSE_VALUE is a constant defined in stm32f1xx.h file (default value
 217:C:/Users/nace/OneDrive/Desktop/STM32/Projects_nace/NUCLEO_LL_Project_LCD/STM32_template_proj/Core/Src\system_stm32f1xx.c ****   *              8 MHz or 25 MHz, depending on the product used), user has to ensure
 218:C:/Users/nace/OneDrive/Desktop/STM32/Projects_nace/NUCLEO_LL_Project_LCD/STM32_template_proj/Core/Src\system_stm32f1xx.c ****   *              that HSE_VALUE is same as the real frequency of the crystal used.
 219:C:/Users/nace/OneDrive/Desktop/STM32/Projects_nace/NUCLEO_LL_Project_LCD/STM32_template_proj/Core/Src\system_stm32f1xx.c ****   *              Otherwise, this function may have wrong result.
 220:C:/Users/nace/OneDrive/Desktop/STM32/Projects_nace/NUCLEO_LL_Project_LCD/STM32_template_proj/Core/Src\system_stm32f1xx.c ****   *                
 221:C:/Users/nace/OneDrive/Desktop/STM32/Projects_nace/NUCLEO_LL_Project_LCD/STM32_template_proj/Core/Src\system_stm32f1xx.c ****   *         - The result of this function could be not correct when using fractional
 222:C:/Users/nace/OneDrive/Desktop/STM32/Projects_nace/NUCLEO_LL_Project_LCD/STM32_template_proj/Core/Src\system_stm32f1xx.c ****   *           value for HSE crystal.
 223:C:/Users/nace/OneDrive/Desktop/STM32/Projects_nace/NUCLEO_LL_Project_LCD/STM32_template_proj/Core/Src\system_stm32f1xx.c ****   * @param  None
 224:C:/Users/nace/OneDrive/Desktop/STM32/Projects_nace/NUCLEO_LL_Project_LCD/STM32_template_proj/Core/Src\system_stm32f1xx.c ****   * @retval None
 225:C:/Users/nace/OneDrive/Desktop/STM32/Projects_nace/NUCLEO_LL_Project_LCD/STM32_template_proj/Core/Src\system_stm32f1xx.c ****   */
 226:C:/Users/nace/OneDrive/Desktop/STM32/Projects_nace/NUCLEO_LL_Project_LCD/STM32_template_proj/Core/Src\system_stm32f1xx.c **** void SystemCoreClockUpdate (void)
 227:C:/Users/nace/OneDrive/Desktop/STM32/Projects_nace/NUCLEO_LL_Project_LCD/STM32_template_proj/Core/Src\system_stm32f1xx.c **** {
  46              		.loc 1 227 1 view -0
  47              		.cfi_startproc
  48              		@ args = 0, pretend = 0, frame = 0
  49              		@ frame_needed = 0, uses_anonymous_args = 0
  50              		@ link register save eliminated.
 228:C:/Users/nace/OneDrive/Desktop/STM32/Projects_nace/NUCLEO_LL_Project_LCD/STM32_template_proj/Core/Src\system_stm32f1xx.c ****   uint32_t tmp = 0U, pllmull = 0U, pllsource = 0U;
  51              		.loc 1 228 3 view .LVU3
  52              	.LVL0:
 229:C:/Users/nace/OneDrive/Desktop/STM32/Projects_nace/NUCLEO_LL_Project_LCD/STM32_template_proj/Core/Src\system_stm32f1xx.c **** 
 230:C:/Users/nace/OneDrive/Desktop/STM32/Projects_nace/NUCLEO_LL_Project_LCD/STM32_template_proj/Core/Src\system_stm32f1xx.c **** #if defined(STM32F105xC) || defined(STM32F107xC)
 231:C:/Users/nace/OneDrive/Desktop/STM32/Projects_nace/NUCLEO_LL_Project_LCD/STM32_template_proj/Core/Src\system_stm32f1xx.c ****   uint32_t prediv1source = 0U, prediv1factor = 0U, prediv2factor = 0U, pll2mull = 0U;
 232:C:/Users/nace/OneDrive/Desktop/STM32/Projects_nace/NUCLEO_LL_Project_LCD/STM32_template_proj/Core/Src\system_stm32f1xx.c **** #endif /* STM32F105xC */
 233:C:/Users/nace/OneDrive/Desktop/STM32/Projects_nace/NUCLEO_LL_Project_LCD/STM32_template_proj/Core/Src\system_stm32f1xx.c **** 
 234:C:/Users/nace/OneDrive/Desktop/STM32/Projects_nace/NUCLEO_LL_Project_LCD/STM32_template_proj/Core/Src\system_stm32f1xx.c **** #if defined(STM32F100xB) || defined(STM32F100xE)
 235:C:/Users/nace/OneDrive/Desktop/STM32/Projects_nace/NUCLEO_LL_Project_LCD/STM32_template_proj/Core/Src\system_stm32f1xx.c ****   uint32_t prediv1factor = 0U;
 236:C:/Users/nace/OneDrive/Desktop/STM32/Projects_nace/NUCLEO_LL_Project_LCD/STM32_template_proj/Core/Src\system_stm32f1xx.c **** #endif /* STM32F100xB or STM32F100xE */
 237:C:/Users/nace/OneDrive/Desktop/STM32/Projects_nace/NUCLEO_LL_Project_LCD/STM32_template_proj/Core/Src\system_stm32f1xx.c ****     
 238:C:/Users/nace/OneDrive/Desktop/STM32/Projects_nace/NUCLEO_LL_Project_LCD/STM32_template_proj/Core/Src\system_stm32f1xx.c ****   /* Get SYSCLK source -------------------------------------------------------*/
 239:C:/Users/nace/OneDrive/Desktop/STM32/Projects_nace/NUCLEO_LL_Project_LCD/STM32_template_proj/Core/Src\system_stm32f1xx.c ****   tmp = RCC->CFGR & RCC_CFGR_SWS;
  53              		.loc 1 239 3 view .LVU4
  54              		.loc 1 239 12 is_stmt 0 view .LVU5
  55 0000 1F4B     		ldr	r3, .L10
  56 0002 5B68     		ldr	r3, [r3, #4]
  57              		.loc 1 239 7 view .LVU6
  58 0004 03F00C03 		and	r3, r3, #12
  59              	.LVL1:
 240:C:/Users/nace/OneDrive/Desktop/STM32/Projects_nace/NUCLEO_LL_Project_LCD/STM32_template_proj/Core/Src\system_stm32f1xx.c ****   
 241:C:/Users/nace/OneDrive/Desktop/STM32/Projects_nace/NUCLEO_LL_Project_LCD/STM32_template_proj/Core/Src\system_stm32f1xx.c ****   switch (tmp)
  60              		.loc 1 241 3 is_stmt 1 view .LVU7
  61 0008 042B     		cmp	r3, #4
  62 000a 14D0     		beq	.L3
  63 000c 082B     		cmp	r3, #8
  64 000e 16D0     		beq	.L4
  65 0010 1BB1     		cbz	r3, .L9
 242:C:/Users/nace/OneDrive/Desktop/STM32/Projects_nace/NUCLEO_LL_Project_LCD/STM32_template_proj/Core/Src\system_stm32f1xx.c ****   {
 243:C:/Users/nace/OneDrive/Desktop/STM32/Projects_nace/NUCLEO_LL_Project_LCD/STM32_template_proj/Core/Src\system_stm32f1xx.c ****     case 0x00U:  /* HSI used as system clock */
 244:C:/Users/nace/OneDrive/Desktop/STM32/Projects_nace/NUCLEO_LL_Project_LCD/STM32_template_proj/Core/Src\system_stm32f1xx.c ****       SystemCoreClock = HSI_VALUE;
 245:C:/Users/nace/OneDrive/Desktop/STM32/Projects_nace/NUCLEO_LL_Project_LCD/STM32_template_proj/Core/Src\system_stm32f1xx.c ****       break;
 246:C:/Users/nace/OneDrive/Desktop/STM32/Projects_nace/NUCLEO_LL_Project_LCD/STM32_template_proj/Core/Src\system_stm32f1xx.c ****     case 0x04U:  /* HSE used as system clock */
 247:C:/Users/nace/OneDrive/Desktop/STM32/Projects_nace/NUCLEO_LL_Project_LCD/STM32_template_proj/Core/Src\system_stm32f1xx.c ****       SystemCoreClock = HSE_VALUE;
 248:C:/Users/nace/OneDrive/Desktop/STM32/Projects_nace/NUCLEO_LL_Project_LCD/STM32_template_proj/Core/Src\system_stm32f1xx.c ****       break;
 249:C:/Users/nace/OneDrive/Desktop/STM32/Projects_nace/NUCLEO_LL_Project_LCD/STM32_template_proj/Core/Src\system_stm32f1xx.c ****     case 0x08U:  /* PLL used as system clock */
 250:C:/Users/nace/OneDrive/Desktop/STM32/Projects_nace/NUCLEO_LL_Project_LCD/STM32_template_proj/Core/Src\system_stm32f1xx.c **** 
 251:C:/Users/nace/OneDrive/Desktop/STM32/Projects_nace/NUCLEO_LL_Project_LCD/STM32_template_proj/Core/Src\system_stm32f1xx.c ****       /* Get PLL clock source and multiplication factor ----------------------*/
 252:C:/Users/nace/OneDrive/Desktop/STM32/Projects_nace/NUCLEO_LL_Project_LCD/STM32_template_proj/Core/Src\system_stm32f1xx.c ****       pllmull = RCC->CFGR & RCC_CFGR_PLLMULL;
 253:C:/Users/nace/OneDrive/Desktop/STM32/Projects_nace/NUCLEO_LL_Project_LCD/STM32_template_proj/Core/Src\system_stm32f1xx.c ****       pllsource = RCC->CFGR & RCC_CFGR_PLLSRC;
 254:C:/Users/nace/OneDrive/Desktop/STM32/Projects_nace/NUCLEO_LL_Project_LCD/STM32_template_proj/Core/Src\system_stm32f1xx.c ****       
 255:C:/Users/nace/OneDrive/Desktop/STM32/Projects_nace/NUCLEO_LL_Project_LCD/STM32_template_proj/Core/Src\system_stm32f1xx.c **** #if !defined(STM32F105xC) && !defined(STM32F107xC)      
 256:C:/Users/nace/OneDrive/Desktop/STM32/Projects_nace/NUCLEO_LL_Project_LCD/STM32_template_proj/Core/Src\system_stm32f1xx.c ****       pllmull = ( pllmull >> 18U) + 2U;
 257:C:/Users/nace/OneDrive/Desktop/STM32/Projects_nace/NUCLEO_LL_Project_LCD/STM32_template_proj/Core/Src\system_stm32f1xx.c ****       
 258:C:/Users/nace/OneDrive/Desktop/STM32/Projects_nace/NUCLEO_LL_Project_LCD/STM32_template_proj/Core/Src\system_stm32f1xx.c ****       if (pllsource == 0x00U)
 259:C:/Users/nace/OneDrive/Desktop/STM32/Projects_nace/NUCLEO_LL_Project_LCD/STM32_template_proj/Core/Src\system_stm32f1xx.c ****       {
 260:C:/Users/nace/OneDrive/Desktop/STM32/Projects_nace/NUCLEO_LL_Project_LCD/STM32_template_proj/Core/Src\system_stm32f1xx.c ****         /* HSI oscillator clock divided by 2 selected as PLL clock entry */
 261:C:/Users/nace/OneDrive/Desktop/STM32/Projects_nace/NUCLEO_LL_Project_LCD/STM32_template_proj/Core/Src\system_stm32f1xx.c ****         SystemCoreClock = (HSI_VALUE >> 1U) * pllmull;
 262:C:/Users/nace/OneDrive/Desktop/STM32/Projects_nace/NUCLEO_LL_Project_LCD/STM32_template_proj/Core/Src\system_stm32f1xx.c ****       }
 263:C:/Users/nace/OneDrive/Desktop/STM32/Projects_nace/NUCLEO_LL_Project_LCD/STM32_template_proj/Core/Src\system_stm32f1xx.c ****       else
 264:C:/Users/nace/OneDrive/Desktop/STM32/Projects_nace/NUCLEO_LL_Project_LCD/STM32_template_proj/Core/Src\system_stm32f1xx.c ****       {
 265:C:/Users/nace/OneDrive/Desktop/STM32/Projects_nace/NUCLEO_LL_Project_LCD/STM32_template_proj/Core/Src\system_stm32f1xx.c ****  #if defined(STM32F100xB) || defined(STM32F100xE)
 266:C:/Users/nace/OneDrive/Desktop/STM32/Projects_nace/NUCLEO_LL_Project_LCD/STM32_template_proj/Core/Src\system_stm32f1xx.c ****        prediv1factor = (RCC->CFGR2 & RCC_CFGR2_PREDIV1) + 1U;
 267:C:/Users/nace/OneDrive/Desktop/STM32/Projects_nace/NUCLEO_LL_Project_LCD/STM32_template_proj/Core/Src\system_stm32f1xx.c ****        /* HSE oscillator clock selected as PREDIV1 clock entry */
 268:C:/Users/nace/OneDrive/Desktop/STM32/Projects_nace/NUCLEO_LL_Project_LCD/STM32_template_proj/Core/Src\system_stm32f1xx.c ****        SystemCoreClock = (HSE_VALUE / prediv1factor) * pllmull; 
 269:C:/Users/nace/OneDrive/Desktop/STM32/Projects_nace/NUCLEO_LL_Project_LCD/STM32_template_proj/Core/Src\system_stm32f1xx.c ****  #else
 270:C:/Users/nace/OneDrive/Desktop/STM32/Projects_nace/NUCLEO_LL_Project_LCD/STM32_template_proj/Core/Src\system_stm32f1xx.c ****         /* HSE selected as PLL clock entry */
 271:C:/Users/nace/OneDrive/Desktop/STM32/Projects_nace/NUCLEO_LL_Project_LCD/STM32_template_proj/Core/Src\system_stm32f1xx.c ****         if ((RCC->CFGR & RCC_CFGR_PLLXTPRE) != (uint32_t)RESET)
 272:C:/Users/nace/OneDrive/Desktop/STM32/Projects_nace/NUCLEO_LL_Project_LCD/STM32_template_proj/Core/Src\system_stm32f1xx.c ****         {/* HSE oscillator clock divided by 2 */
 273:C:/Users/nace/OneDrive/Desktop/STM32/Projects_nace/NUCLEO_LL_Project_LCD/STM32_template_proj/Core/Src\system_stm32f1xx.c ****           SystemCoreClock = (HSE_VALUE >> 1U) * pllmull;
 274:C:/Users/nace/OneDrive/Desktop/STM32/Projects_nace/NUCLEO_LL_Project_LCD/STM32_template_proj/Core/Src\system_stm32f1xx.c ****         }
 275:C:/Users/nace/OneDrive/Desktop/STM32/Projects_nace/NUCLEO_LL_Project_LCD/STM32_template_proj/Core/Src\system_stm32f1xx.c ****         else
 276:C:/Users/nace/OneDrive/Desktop/STM32/Projects_nace/NUCLEO_LL_Project_LCD/STM32_template_proj/Core/Src\system_stm32f1xx.c ****         {
 277:C:/Users/nace/OneDrive/Desktop/STM32/Projects_nace/NUCLEO_LL_Project_LCD/STM32_template_proj/Core/Src\system_stm32f1xx.c ****           SystemCoreClock = HSE_VALUE * pllmull;
 278:C:/Users/nace/OneDrive/Desktop/STM32/Projects_nace/NUCLEO_LL_Project_LCD/STM32_template_proj/Core/Src\system_stm32f1xx.c ****         }
 279:C:/Users/nace/OneDrive/Desktop/STM32/Projects_nace/NUCLEO_LL_Project_LCD/STM32_template_proj/Core/Src\system_stm32f1xx.c ****  #endif
 280:C:/Users/nace/OneDrive/Desktop/STM32/Projects_nace/NUCLEO_LL_Project_LCD/STM32_template_proj/Core/Src\system_stm32f1xx.c ****       }
 281:C:/Users/nace/OneDrive/Desktop/STM32/Projects_nace/NUCLEO_LL_Project_LCD/STM32_template_proj/Core/Src\system_stm32f1xx.c **** #else
 282:C:/Users/nace/OneDrive/Desktop/STM32/Projects_nace/NUCLEO_LL_Project_LCD/STM32_template_proj/Core/Src\system_stm32f1xx.c ****       pllmull = pllmull >> 18U;
 283:C:/Users/nace/OneDrive/Desktop/STM32/Projects_nace/NUCLEO_LL_Project_LCD/STM32_template_proj/Core/Src\system_stm32f1xx.c ****       
 284:C:/Users/nace/OneDrive/Desktop/STM32/Projects_nace/NUCLEO_LL_Project_LCD/STM32_template_proj/Core/Src\system_stm32f1xx.c ****       if (pllmull != 0x0DU)
 285:C:/Users/nace/OneDrive/Desktop/STM32/Projects_nace/NUCLEO_LL_Project_LCD/STM32_template_proj/Core/Src\system_stm32f1xx.c ****       {
 286:C:/Users/nace/OneDrive/Desktop/STM32/Projects_nace/NUCLEO_LL_Project_LCD/STM32_template_proj/Core/Src\system_stm32f1xx.c ****          pllmull += 2U;
 287:C:/Users/nace/OneDrive/Desktop/STM32/Projects_nace/NUCLEO_LL_Project_LCD/STM32_template_proj/Core/Src\system_stm32f1xx.c ****       }
 288:C:/Users/nace/OneDrive/Desktop/STM32/Projects_nace/NUCLEO_LL_Project_LCD/STM32_template_proj/Core/Src\system_stm32f1xx.c ****       else
 289:C:/Users/nace/OneDrive/Desktop/STM32/Projects_nace/NUCLEO_LL_Project_LCD/STM32_template_proj/Core/Src\system_stm32f1xx.c ****       { /* PLL multiplication factor = PLL input clock * 6.5 */
 290:C:/Users/nace/OneDrive/Desktop/STM32/Projects_nace/NUCLEO_LL_Project_LCD/STM32_template_proj/Core/Src\system_stm32f1xx.c ****         pllmull = 13U / 2U; 
 291:C:/Users/nace/OneDrive/Desktop/STM32/Projects_nace/NUCLEO_LL_Project_LCD/STM32_template_proj/Core/Src\system_stm32f1xx.c ****       }
 292:C:/Users/nace/OneDrive/Desktop/STM32/Projects_nace/NUCLEO_LL_Project_LCD/STM32_template_proj/Core/Src\system_stm32f1xx.c ****             
 293:C:/Users/nace/OneDrive/Desktop/STM32/Projects_nace/NUCLEO_LL_Project_LCD/STM32_template_proj/Core/Src\system_stm32f1xx.c ****       if (pllsource == 0x00U)
 294:C:/Users/nace/OneDrive/Desktop/STM32/Projects_nace/NUCLEO_LL_Project_LCD/STM32_template_proj/Core/Src\system_stm32f1xx.c ****       {
 295:C:/Users/nace/OneDrive/Desktop/STM32/Projects_nace/NUCLEO_LL_Project_LCD/STM32_template_proj/Core/Src\system_stm32f1xx.c ****         /* HSI oscillator clock divided by 2 selected as PLL clock entry */
 296:C:/Users/nace/OneDrive/Desktop/STM32/Projects_nace/NUCLEO_LL_Project_LCD/STM32_template_proj/Core/Src\system_stm32f1xx.c ****         SystemCoreClock = (HSI_VALUE >> 1U) * pllmull;
 297:C:/Users/nace/OneDrive/Desktop/STM32/Projects_nace/NUCLEO_LL_Project_LCD/STM32_template_proj/Core/Src\system_stm32f1xx.c ****       }
 298:C:/Users/nace/OneDrive/Desktop/STM32/Projects_nace/NUCLEO_LL_Project_LCD/STM32_template_proj/Core/Src\system_stm32f1xx.c ****       else
 299:C:/Users/nace/OneDrive/Desktop/STM32/Projects_nace/NUCLEO_LL_Project_LCD/STM32_template_proj/Core/Src\system_stm32f1xx.c ****       {/* PREDIV1 selected as PLL clock entry */
 300:C:/Users/nace/OneDrive/Desktop/STM32/Projects_nace/NUCLEO_LL_Project_LCD/STM32_template_proj/Core/Src\system_stm32f1xx.c ****         
 301:C:/Users/nace/OneDrive/Desktop/STM32/Projects_nace/NUCLEO_LL_Project_LCD/STM32_template_proj/Core/Src\system_stm32f1xx.c ****         /* Get PREDIV1 clock source and division factor */
 302:C:/Users/nace/OneDrive/Desktop/STM32/Projects_nace/NUCLEO_LL_Project_LCD/STM32_template_proj/Core/Src\system_stm32f1xx.c ****         prediv1source = RCC->CFGR2 & RCC_CFGR2_PREDIV1SRC;
 303:C:/Users/nace/OneDrive/Desktop/STM32/Projects_nace/NUCLEO_LL_Project_LCD/STM32_template_proj/Core/Src\system_stm32f1xx.c ****         prediv1factor = (RCC->CFGR2 & RCC_CFGR2_PREDIV1) + 1U;
 304:C:/Users/nace/OneDrive/Desktop/STM32/Projects_nace/NUCLEO_LL_Project_LCD/STM32_template_proj/Core/Src\system_stm32f1xx.c ****         
 305:C:/Users/nace/OneDrive/Desktop/STM32/Projects_nace/NUCLEO_LL_Project_LCD/STM32_template_proj/Core/Src\system_stm32f1xx.c ****         if (prediv1source == 0U)
 306:C:/Users/nace/OneDrive/Desktop/STM32/Projects_nace/NUCLEO_LL_Project_LCD/STM32_template_proj/Core/Src\system_stm32f1xx.c ****         { 
 307:C:/Users/nace/OneDrive/Desktop/STM32/Projects_nace/NUCLEO_LL_Project_LCD/STM32_template_proj/Core/Src\system_stm32f1xx.c ****           /* HSE oscillator clock selected as PREDIV1 clock entry */
 308:C:/Users/nace/OneDrive/Desktop/STM32/Projects_nace/NUCLEO_LL_Project_LCD/STM32_template_proj/Core/Src\system_stm32f1xx.c ****           SystemCoreClock = (HSE_VALUE / prediv1factor) * pllmull;          
 309:C:/Users/nace/OneDrive/Desktop/STM32/Projects_nace/NUCLEO_LL_Project_LCD/STM32_template_proj/Core/Src\system_stm32f1xx.c ****         }
 310:C:/Users/nace/OneDrive/Desktop/STM32/Projects_nace/NUCLEO_LL_Project_LCD/STM32_template_proj/Core/Src\system_stm32f1xx.c ****         else
 311:C:/Users/nace/OneDrive/Desktop/STM32/Projects_nace/NUCLEO_LL_Project_LCD/STM32_template_proj/Core/Src\system_stm32f1xx.c ****         {/* PLL2 clock selected as PREDIV1 clock entry */
 312:C:/Users/nace/OneDrive/Desktop/STM32/Projects_nace/NUCLEO_LL_Project_LCD/STM32_template_proj/Core/Src\system_stm32f1xx.c ****           
 313:C:/Users/nace/OneDrive/Desktop/STM32/Projects_nace/NUCLEO_LL_Project_LCD/STM32_template_proj/Core/Src\system_stm32f1xx.c ****           /* Get PREDIV2 division factor and PLL2 multiplication factor */
 314:C:/Users/nace/OneDrive/Desktop/STM32/Projects_nace/NUCLEO_LL_Project_LCD/STM32_template_proj/Core/Src\system_stm32f1xx.c ****           prediv2factor = ((RCC->CFGR2 & RCC_CFGR2_PREDIV2) >> 4U) + 1U;
 315:C:/Users/nace/OneDrive/Desktop/STM32/Projects_nace/NUCLEO_LL_Project_LCD/STM32_template_proj/Core/Src\system_stm32f1xx.c ****           pll2mull = ((RCC->CFGR2 & RCC_CFGR2_PLL2MUL) >> 8U) + 2U; 
 316:C:/Users/nace/OneDrive/Desktop/STM32/Projects_nace/NUCLEO_LL_Project_LCD/STM32_template_proj/Core/Src\system_stm32f1xx.c ****           SystemCoreClock = (((HSE_VALUE / prediv2factor) * pll2mull) / prediv1factor) * pllmull;  
 317:C:/Users/nace/OneDrive/Desktop/STM32/Projects_nace/NUCLEO_LL_Project_LCD/STM32_template_proj/Core/Src\system_stm32f1xx.c ****         }
 318:C:/Users/nace/OneDrive/Desktop/STM32/Projects_nace/NUCLEO_LL_Project_LCD/STM32_template_proj/Core/Src\system_stm32f1xx.c ****       }
 319:C:/Users/nace/OneDrive/Desktop/STM32/Projects_nace/NUCLEO_LL_Project_LCD/STM32_template_proj/Core/Src\system_stm32f1xx.c **** #endif /* STM32F105xC */ 
 320:C:/Users/nace/OneDrive/Desktop/STM32/Projects_nace/NUCLEO_LL_Project_LCD/STM32_template_proj/Core/Src\system_stm32f1xx.c ****       break;
 321:C:/Users/nace/OneDrive/Desktop/STM32/Projects_nace/NUCLEO_LL_Project_LCD/STM32_template_proj/Core/Src\system_stm32f1xx.c **** 
 322:C:/Users/nace/OneDrive/Desktop/STM32/Projects_nace/NUCLEO_LL_Project_LCD/STM32_template_proj/Core/Src\system_stm32f1xx.c ****     default:
 323:C:/Users/nace/OneDrive/Desktop/STM32/Projects_nace/NUCLEO_LL_Project_LCD/STM32_template_proj/Core/Src\system_stm32f1xx.c ****       SystemCoreClock = HSI_VALUE;
  66              		.loc 1 323 7 view .LVU8
  67              		.loc 1 323 23 is_stmt 0 view .LVU9
  68 0012 1C4B     		ldr	r3, .L10+4
  69              	.LVL2:
  70              		.loc 1 323 23 view .LVU10
  71 0014 1C4A     		ldr	r2, .L10+8
  72 0016 1A60     		str	r2, [r3]
 324:C:/Users/nace/OneDrive/Desktop/STM32/Projects_nace/NUCLEO_LL_Project_LCD/STM32_template_proj/Core/Src\system_stm32f1xx.c ****       break;
  73              		.loc 1 324 7 is_stmt 1 view .LVU11
  74 0018 02E0     		b	.L6
  75              	.LVL3:
  76              	.L9:
 244:C:/Users/nace/OneDrive/Desktop/STM32/Projects_nace/NUCLEO_LL_Project_LCD/STM32_template_proj/Core/Src\system_stm32f1xx.c ****       break;
  77              		.loc 1 244 7 view .LVU12
 244:C:/Users/nace/OneDrive/Desktop/STM32/Projects_nace/NUCLEO_LL_Project_LCD/STM32_template_proj/Core/Src\system_stm32f1xx.c ****       break;
  78              		.loc 1 244 23 is_stmt 0 view .LVU13
  79 001a 1A4B     		ldr	r3, .L10+4
  80              	.LVL4:
 244:C:/Users/nace/OneDrive/Desktop/STM32/Projects_nace/NUCLEO_LL_Project_LCD/STM32_template_proj/Core/Src\system_stm32f1xx.c ****       break;
  81              		.loc 1 244 23 view .LVU14
  82 001c 1A4A     		ldr	r2, .L10+8
  83 001e 1A60     		str	r2, [r3]
 245:C:/Users/nace/OneDrive/Desktop/STM32/Projects_nace/NUCLEO_LL_Project_LCD/STM32_template_proj/Core/Src\system_stm32f1xx.c ****     case 0x04U:  /* HSE used as system clock */
  84              		.loc 1 245 7 is_stmt 1 view .LVU15
  85              	.LVL5:
  86              	.L6:
 325:C:/Users/nace/OneDrive/Desktop/STM32/Projects_nace/NUCLEO_LL_Project_LCD/STM32_template_proj/Core/Src\system_stm32f1xx.c ****   }
 326:C:/Users/nace/OneDrive/Desktop/STM32/Projects_nace/NUCLEO_LL_Project_LCD/STM32_template_proj/Core/Src\system_stm32f1xx.c ****   
 327:C:/Users/nace/OneDrive/Desktop/STM32/Projects_nace/NUCLEO_LL_Project_LCD/STM32_template_proj/Core/Src\system_stm32f1xx.c ****   /* Compute HCLK clock frequency ----------------*/
 328:C:/Users/nace/OneDrive/Desktop/STM32/Projects_nace/NUCLEO_LL_Project_LCD/STM32_template_proj/Core/Src\system_stm32f1xx.c ****   /* Get HCLK prescaler */
 329:C:/Users/nace/OneDrive/Desktop/STM32/Projects_nace/NUCLEO_LL_Project_LCD/STM32_template_proj/Core/Src\system_stm32f1xx.c ****   tmp = AHBPrescTable[((RCC->CFGR & RCC_CFGR_HPRE) >> 4U)];
  87              		.loc 1 329 3 view .LVU16
  88              		.loc 1 329 28 is_stmt 0 view .LVU17
  89 0020 174B     		ldr	r3, .L10
  90 0022 5B68     		ldr	r3, [r3, #4]
  91              		.loc 1 329 52 view .LVU18
  92 0024 C3F30313 		ubfx	r3, r3, #4, #4
  93              		.loc 1 329 22 view .LVU19
  94 0028 184A     		ldr	r2, .L10+12
  95 002a D15C     		ldrb	r1, [r2, r3]	@ zero_extendqisi2
  96              	.LVL6:
 330:C:/Users/nace/OneDrive/Desktop/STM32/Projects_nace/NUCLEO_LL_Project_LCD/STM32_template_proj/Core/Src\system_stm32f1xx.c ****   /* HCLK clock frequency */
 331:C:/Users/nace/OneDrive/Desktop/STM32/Projects_nace/NUCLEO_LL_Project_LCD/STM32_template_proj/Core/Src\system_stm32f1xx.c ****   SystemCoreClock >>= tmp;  
  97              		.loc 1 331 3 is_stmt 1 view .LVU20
  98              		.loc 1 331 19 is_stmt 0 view .LVU21
  99 002c 154A     		ldr	r2, .L10+4
 100 002e 1368     		ldr	r3, [r2]
 101 0030 CB40     		lsrs	r3, r3, r1
 102 0032 1360     		str	r3, [r2]
 332:C:/Users/nace/OneDrive/Desktop/STM32/Projects_nace/NUCLEO_LL_Project_LCD/STM32_template_proj/Core/Src\system_stm32f1xx.c **** }
 103              		.loc 1 332 1 view .LVU22
 104 0034 7047     		bx	lr
 105              	.LVL7:
 106              	.L3:
 247:C:/Users/nace/OneDrive/Desktop/STM32/Projects_nace/NUCLEO_LL_Project_LCD/STM32_template_proj/Core/Src\system_stm32f1xx.c ****       break;
 107              		.loc 1 247 7 is_stmt 1 view .LVU23
 247:C:/Users/nace/OneDrive/Desktop/STM32/Projects_nace/NUCLEO_LL_Project_LCD/STM32_template_proj/Core/Src\system_stm32f1xx.c ****       break;
 108              		.loc 1 247 23 is_stmt 0 view .LVU24
 109 0036 134B     		ldr	r3, .L10+4
 110              	.LVL8:
 247:C:/Users/nace/OneDrive/Desktop/STM32/Projects_nace/NUCLEO_LL_Project_LCD/STM32_template_proj/Core/Src\system_stm32f1xx.c ****       break;
 111              		.loc 1 247 23 view .LVU25
 112 0038 134A     		ldr	r2, .L10+8
 113 003a 1A60     		str	r2, [r3]
 248:C:/Users/nace/OneDrive/Desktop/STM32/Projects_nace/NUCLEO_LL_Project_LCD/STM32_template_proj/Core/Src\system_stm32f1xx.c ****     case 0x08U:  /* PLL used as system clock */
 114              		.loc 1 248 7 is_stmt 1 view .LVU26
 115 003c F0E7     		b	.L6
 116              	.LVL9:
 117              	.L4:
 252:C:/Users/nace/OneDrive/Desktop/STM32/Projects_nace/NUCLEO_LL_Project_LCD/STM32_template_proj/Core/Src\system_stm32f1xx.c ****       pllsource = RCC->CFGR & RCC_CFGR_PLLSRC;
 118              		.loc 1 252 7 view .LVU27
 252:C:/Users/nace/OneDrive/Desktop/STM32/Projects_nace/NUCLEO_LL_Project_LCD/STM32_template_proj/Core/Src\system_stm32f1xx.c ****       pllsource = RCC->CFGR & RCC_CFGR_PLLSRC;
 119              		.loc 1 252 20 is_stmt 0 view .LVU28
 120 003e 104A     		ldr	r2, .L10
 121 0040 5368     		ldr	r3, [r2, #4]
 122              	.LVL10:
 253:C:/Users/nace/OneDrive/Desktop/STM32/Projects_nace/NUCLEO_LL_Project_LCD/STM32_template_proj/Core/Src\system_stm32f1xx.c ****       
 123              		.loc 1 253 7 is_stmt 1 view .LVU29
 253:C:/Users/nace/OneDrive/Desktop/STM32/Projects_nace/NUCLEO_LL_Project_LCD/STM32_template_proj/Core/Src\system_stm32f1xx.c ****       
 124              		.loc 1 253 22 is_stmt 0 view .LVU30
 125 0042 5268     		ldr	r2, [r2, #4]
 126              	.LVL11:
 256:C:/Users/nace/OneDrive/Desktop/STM32/Projects_nace/NUCLEO_LL_Project_LCD/STM32_template_proj/Core/Src\system_stm32f1xx.c ****       
 127              		.loc 1 256 7 is_stmt 1 view .LVU31
 256:C:/Users/nace/OneDrive/Desktop/STM32/Projects_nace/NUCLEO_LL_Project_LCD/STM32_template_proj/Core/Src\system_stm32f1xx.c ****       
 128              		.loc 1 256 27 is_stmt 0 view .LVU32
 129 0044 C3F38343 		ubfx	r3, r3, #18, #4
 130              	.LVL12:
 256:C:/Users/nace/OneDrive/Desktop/STM32/Projects_nace/NUCLEO_LL_Project_LCD/STM32_template_proj/Core/Src\system_stm32f1xx.c ****       
 131              		.loc 1 256 15 view .LVU33
 132 0048 0233     		adds	r3, r3, #2
 133              	.LVL13:
 258:C:/Users/nace/OneDrive/Desktop/STM32/Projects_nace/NUCLEO_LL_Project_LCD/STM32_template_proj/Core/Src\system_stm32f1xx.c ****       {
 134              		.loc 1 258 7 is_stmt 1 view .LVU34
 258:C:/Users/nace/OneDrive/Desktop/STM32/Projects_nace/NUCLEO_LL_Project_LCD/STM32_template_proj/Core/Src\system_stm32f1xx.c ****       {
 135              		.loc 1 258 10 is_stmt 0 view .LVU35
 136 004a 12F4803F 		tst	r2, #65536
 137 004e 05D1     		bne	.L7
 261:C:/Users/nace/OneDrive/Desktop/STM32/Projects_nace/NUCLEO_LL_Project_LCD/STM32_template_proj/Core/Src\system_stm32f1xx.c ****       }
 138              		.loc 1 261 9 is_stmt 1 view .LVU36
 261:C:/Users/nace/OneDrive/Desktop/STM32/Projects_nace/NUCLEO_LL_Project_LCD/STM32_template_proj/Core/Src\system_stm32f1xx.c ****       }
 139              		.loc 1 261 45 is_stmt 0 view .LVU37
 140 0050 0F4A     		ldr	r2, .L10+16
 141              	.LVL14:
 261:C:/Users/nace/OneDrive/Desktop/STM32/Projects_nace/NUCLEO_LL_Project_LCD/STM32_template_proj/Core/Src\system_stm32f1xx.c ****       }
 142              		.loc 1 261 45 view .LVU38
 143 0052 02FB03F3 		mul	r3, r2, r3
 144              	.LVL15:
 261:C:/Users/nace/OneDrive/Desktop/STM32/Projects_nace/NUCLEO_LL_Project_LCD/STM32_template_proj/Core/Src\system_stm32f1xx.c ****       }
 145              		.loc 1 261 25 view .LVU39
 146 0056 0B4A     		ldr	r2, .L10+4
 147 0058 1360     		str	r3, [r2]
 148 005a E1E7     		b	.L6
 149              	.LVL16:
 150              	.L7:
 271:C:/Users/nace/OneDrive/Desktop/STM32/Projects_nace/NUCLEO_LL_Project_LCD/STM32_template_proj/Core/Src\system_stm32f1xx.c ****         {/* HSE oscillator clock divided by 2 */
 151              		.loc 1 271 9 is_stmt 1 view .LVU40
 271:C:/Users/nace/OneDrive/Desktop/STM32/Projects_nace/NUCLEO_LL_Project_LCD/STM32_template_proj/Core/Src\system_stm32f1xx.c ****         {/* HSE oscillator clock divided by 2 */
 152              		.loc 1 271 17 is_stmt 0 view .LVU41
 153 005c 084A     		ldr	r2, .L10
 154              	.LVL17:
 271:C:/Users/nace/OneDrive/Desktop/STM32/Projects_nace/NUCLEO_LL_Project_LCD/STM32_template_proj/Core/Src\system_stm32f1xx.c ****         {/* HSE oscillator clock divided by 2 */
 155              		.loc 1 271 17 view .LVU42
 156 005e 5268     		ldr	r2, [r2, #4]
 271:C:/Users/nace/OneDrive/Desktop/STM32/Projects_nace/NUCLEO_LL_Project_LCD/STM32_template_proj/Core/Src\system_stm32f1xx.c ****         {/* HSE oscillator clock divided by 2 */
 157              		.loc 1 271 12 view .LVU43
 158 0060 12F4003F 		tst	r2, #131072
 159 0064 05D0     		beq	.L8
 273:C:/Users/nace/OneDrive/Desktop/STM32/Projects_nace/NUCLEO_LL_Project_LCD/STM32_template_proj/Core/Src\system_stm32f1xx.c ****         }
 160              		.loc 1 273 11 is_stmt 1 view .LVU44
 273:C:/Users/nace/OneDrive/Desktop/STM32/Projects_nace/NUCLEO_LL_Project_LCD/STM32_template_proj/Core/Src\system_stm32f1xx.c ****         }
 161              		.loc 1 273 47 is_stmt 0 view .LVU45
 162 0066 0A4A     		ldr	r2, .L10+16
 163 0068 02FB03F3 		mul	r3, r2, r3
 164              	.LVL18:
 273:C:/Users/nace/OneDrive/Desktop/STM32/Projects_nace/NUCLEO_LL_Project_LCD/STM32_template_proj/Core/Src\system_stm32f1xx.c ****         }
 165              		.loc 1 273 27 view .LVU46
 166 006c 054A     		ldr	r2, .L10+4
 167 006e 1360     		str	r3, [r2]
 168 0070 D6E7     		b	.L6
 169              	.LVL19:
 170              	.L8:
 277:C:/Users/nace/OneDrive/Desktop/STM32/Projects_nace/NUCLEO_LL_Project_LCD/STM32_template_proj/Core/Src\system_stm32f1xx.c ****         }
 171              		.loc 1 277 11 is_stmt 1 view .LVU47
 277:C:/Users/nace/OneDrive/Desktop/STM32/Projects_nace/NUCLEO_LL_Project_LCD/STM32_template_proj/Core/Src\system_stm32f1xx.c ****         }
 172              		.loc 1 277 39 is_stmt 0 view .LVU48
 173 0072 054A     		ldr	r2, .L10+8
 174 0074 02FB03F3 		mul	r3, r2, r3
 175              	.LVL20:
 277:C:/Users/nace/OneDrive/Desktop/STM32/Projects_nace/NUCLEO_LL_Project_LCD/STM32_template_proj/Core/Src\system_stm32f1xx.c ****         }
 176              		.loc 1 277 27 view .LVU49
 177 0078 024A     		ldr	r2, .L10+4
 178 007a 1360     		str	r3, [r2]
 179 007c D0E7     		b	.L6
 180              	.L11:
 181 007e 00BF     		.align	2
 182              	.L10:
 183 0080 00100240 		.word	1073876992
 184 0084 00000000 		.word	SystemCoreClock
 185 0088 00127A00 		.word	8000000
 186 008c 00000000 		.word	AHBPrescTable
 187 0090 00093D00 		.word	4000000
 188              		.cfi_endproc
 189              	.LFE66:
 191              		.global	APBPrescTable
 192              		.section	.rodata.APBPrescTable,"a"
 193              		.align	2
 196              	APBPrescTable:
 197 0000 00000000 		.ascii	"\000\000\000\000\001\002\003\004"
 197      01020304 
 198              		.global	AHBPrescTable
 199              		.section	.rodata.AHBPrescTable,"a"
 200              		.align	2
 203              	AHBPrescTable:
 204 0000 00000000 		.ascii	"\000\000\000\000\000\000\000\000\001\002\003\004\006"
 204      00000000 
 204      01020304 
 204      06
 205 000d 070809   		.ascii	"\007\010\011"
 206              		.global	SystemCoreClock
 207              		.section	.data.SystemCoreClock,"aw"
 208              		.align	2
 211              	SystemCoreClock:
 212 0000 00127A00 		.word	8000000
 213              		.text
 214              	.Letext0:
 215              		.file 2 "C:\\ST\\STM32CubeCLT_1.16.0\\GNU-tools-for-STM32\\bin\\../lib/gcc/arm-none-eabi/12.3.1/..
 216              		.file 3 "C:\\ST\\STM32CubeCLT_1.16.0\\GNU-tools-for-STM32\\bin\\../lib/gcc/arm-none-eabi/12.3.1/..
 217              		.file 4 "C:/Users/nace/OneDrive/Desktop/STM32/Projects_nace/NUCLEO_LL_Project_LCD/STM32_template_p
 218              		.file 5 "C:/Users/nace/OneDrive/Desktop/STM32/Projects_nace/NUCLEO_LL_Project_LCD/STM32_template_p
 219              		.file 6 "C:/Users/nace/OneDrive/Desktop/STM32/Projects_nace/NUCLEO_LL_Project_LCD/STM32_template_p
